#-----------------------------------------------------------
# Vivado v2024.2 (64-bit)
# SW Build 5239630 on Fri Nov 08 22:35:27 MST 2024
# IP Build 5239520 on Sun Nov 10 16:12:51 MST 2024
# SharedData Build 5239561 on Fri Nov 08 14:39:27 MST 2024
# Start of session at: Wed Mar 26 21:09:42 2025
# Process ID         : 24408
# Current directory  : C:/Users/petrv/Desktop/PLD/Stopwatch_pwm/project_1
# Command line       : vivado.exe -gui_launcher_event rodinguilauncherevent31804 C:\Users\petrv\Desktop\PLD\Stopwatch_pwm\project_1\project_1.xpr
# Log file           : C:/Users/petrv/Desktop/PLD/Stopwatch_pwm/project_1/vivado.log
# Journal file       : C:/Users/petrv/Desktop/PLD/Stopwatch_pwm/project_1\vivado.jou
# Running On         : LAPTOP-9IM6L6CH
# Platform           : Windows Server 2016 or Windows 10
# Operating System   : 22631
# Processor Detail   : Intel(R) Core(TM) i7-10750H CPU @ 2.60GHz
# CPU Frequency      : 2592 MHz
# CPU Physical cores : 6
# CPU Logical cores  : 12
# Host memory        : 16954 MB
# Swap memory        : 9663 MB
# Total Virtual      : 26618 MB
# Available Virtual  : 11367 MB
#-----------------------------------------------------------
start_gui
open_project C:/Users/petrv/Desktop/PLD/Stopwatch_pwm/project_1/project_1.xpr
INFO: [filemgmt 56-3] Default IP Output Path : Could not find the directory 'C:/Users/petrv/Desktop/PLD/Stopwatch_pwm/project_1/project_1.gen/sources_1'.
WARNING: [filemgmt 56-3] IPUserFilesDir: Could not find the directory 'C:/Users/petrv/Desktop/PLD/Stopwatch_pwm/project_1/project_1.ip_user_files'.
CRITICAL WARNING: [Project 1-19] Could not find the file 'C:/Users/petrv/Desktop/PC_04_template_2025/SOURCES/uart_tx.vhd'.
CRITICAL WARNING: [Project 1-19] Could not find the file 'C:/Users/petrv/Desktop/PLD/Stopwatch_pwm/project_1/project_1.srcs/utils_1/imports/synth_1/rp_top.dcp'.
WARNING: [Project 1-865] Could not find the file C:/Users/petrv/Desktop/PLD/Stopwatch_pwm/project_1/project_1.srcs/utils_1/imports/synth_1/rp_top.dcp
Scanning sources...
Finished scanning sources
INFO: [IP_Flow 19-234] Refreshing IP repositories
INFO: [IP_Flow 19-1704] No user IP repositories specified
INFO: [IP_Flow 19-2313] Loaded Vivado IP repository 'D:/VIVADO/Vivado/2024.2/data/ip'.
update_compile_order -fileset sources_1
launch_simulation
Command: launch_simulation 
INFO: [Vivado 12-12493] Simulation top is 'pwm_tb'
WARNING: [Vivado 12-13340] Unable to auto find GCC executables from simulator install path! (path not set)
INFO: [Vivado 12-5682] Launching behavioral simulation in 'C:/Users/petrv/Desktop/PLD/Stopwatch_pwm/project_1/project_1.sim/sim_1/behav/xsim'
INFO: [SIM-utils-51] Simulation object is 'sim_1'
INFO: [SIM-utils-72] Using boost library from 'D:/VIVADO/Vivado/2024.2/tps/boost_1_72_0'
INFO: [SIM-utils-54] Inspecting design source files for 'pwm_tb' in fileset 'sim_1'...
INFO: [USF-XSim-97] Finding global include files...
INFO: [USF-XSim-98] Fetching design files from 'sim_1'...
INFO: [USF-XSim-2] XSim::Compile design
INFO: [USF-XSim-61] Executing 'COMPILE and ANALYZE' step in 'C:/Users/petrv/Desktop/PLD/Stopwatch_pwm/project_1/project_1.sim/sim_1/behav/xsim'
"xvhdl --incr --relax -prj pwm_tb_vhdl.prj"
INFO: [VRFC 10-163] Analyzing VHDL file "C:/Users/petrv/Desktop/PLD/Stopwatch_pwm/project_1/SOURCES/pwm.vhd" into library xil_defaultlib
INFO: [VRFC 10-3107] analyzing entity 'pwm'
INFO: [VRFC 10-163] Analyzing VHDL file "C:/Users/petrv/Desktop/PLD/Stopwatch_pwm/project_1/SOURCES/pwm_tb.vhd" into library xil_defaultlib
INFO: [VRFC 10-3107] analyzing entity 'pwm_tb'
INFO: [USF-XSim-69] 'compile' step finished in '3' seconds
INFO: [USF-XSim-3] XSim::Elaborate design
INFO: [USF-XSim-61] Executing 'ELABORATE' step in 'C:/Users/petrv/Desktop/PLD/Stopwatch_pwm/project_1/project_1.sim/sim_1/behav/xsim'
"xelab --incr --debug typical --relax --mt 2 -L xil_defaultlib -L secureip --snapshot pwm_tb_behav xil_defaultlib.pwm_tb -log elaborate.log"
Vivado Simulator v2024.2.0
Copyright 1986-2022 Xilinx, Inc. All Rights Reserved.
Copyright 2022-2024 Advanced Micro Devices, Inc. All Rights Reserved.
Running: D:/VIVADO/Vivado/2024.2/bin/unwrapped/win64.o/xelab.exe --incr --debug typical --relax --mt 2 -L xil_defaultlib -L secureip --snapshot pwm_tb_behav xil_defaultlib.pwm_tb -log elaborate.log 
Using 2 slave threads.
Starting static elaboration
Completed static elaboration
Starting simulation data flow analysis
Completed simulation data flow analysis
Time Resolution for simulation is 1ps
Compiling package std.standard
Compiling package std.textio
Compiling package ieee.std_logic_1164
Compiling package ieee.numeric_std
Compiling architecture behavioral of entity xil_defaultlib.pwm [pwm_default]
Compiling architecture behavioral of entity xil_defaultlib.pwm_tb
Built simulation snapshot pwm_tb_behav
INFO: [USF-XSim-69] 'elaborate' step finished in '2' seconds
INFO: [USF-XSim-4] XSim::Simulate design
INFO: [USF-XSim-61] Executing 'SIMULATE' step in 'C:/Users/petrv/Desktop/PLD/Stopwatch_pwm/project_1/project_1.sim/sim_1/behav/xsim'
INFO: [USF-XSim-98] *** Running xsim
   with args "pwm_tb_behav -key {Behavioral:sim_1:Functional:pwm_tb} -tclbatch {pwm_tb.tcl} -log {simulate.log}"
INFO: [USF-XSim-8] Loading simulator feature
Time resolution is 1 ps
source pwm_tb.tcl
# set curr_wave [current_wave_config]
# if { [string length $curr_wave] == 0 } {
#   if { [llength [get_objects]] > 0} {
#     add_wave /
#     set_property needs_save false [current_wave_config]
#   } else {
#      send_msg_id Add_Wave-1 WARNING "No top level signals found. Simulator will start without a wave window. If you want to open a wave window go to 'File->New Waveform Configuration' or type 'create_wave_config' in the TCL console."
#   }
# }
# run all
Note: 
================================================================
Simulation finished! Check the waveform window!
================================================================

Time: 40 us  Iteration: 0  Process: /pwm_tb/line__83  File: C:/Users/petrv/Desktop/PLD/Stopwatch_pwm/project_1/SOURCES/pwm_tb.vhd
INFO: [USF-XSim-96] XSim completed. Design snapshot 'pwm_tb_behav' loaded.
INFO: [USF-XSim-97] XSim simulation ran for -all
launch_simulation: Time (s): cpu = 00:00:01 ; elapsed = 00:00:08 . Memory (MB): peak = 1194.547 ; gain = 6.828
update_compile_order -fileset sources_1
close_sim
INFO: [Simtcl 6-16] Simulation closed
exit
INFO: [Common 17-206] Exiting Vivado at Wed Mar 26 21:31:08 2025...
