#-----------------------------------------------------------
# Vivado v2024.2 (64-bit)
# SW Build 5239630 on Fri Nov 08 22:35:27 MST 2024
# IP Build 5239520 on Sun Nov 10 16:12:51 MST 2024
# SharedData Build 5239561 on Fri Nov 08 14:39:27 MST 2024
# Start of session at: Wed Mar 26 19:05:24 2025
# Process ID         : 33284
# Current directory  : C:/Users/petrv/Desktop/PLD/STOPWATCH_UART/project_1
# Command line       : vivado.exe -gui_launcher_event rodinguilauncherevent33316 C:\Users\petrv\Desktop\PLD\STOPWATCH_UART\project_1\project_1.xpr
# Log file           : C:/Users/petrv/Desktop/PLD/STOPWATCH_UART/project_1/vivado.log
# Journal file       : C:/Users/petrv/Desktop/PLD/STOPWATCH_UART/project_1\vivado.jou
# Running On         : LAPTOP-9IM6L6CH
# Platform           : Windows Server 2016 or Windows 10
# Operating System   : 22631
# Processor Detail   : Intel(R) Core(TM) i7-10750H CPU @ 2.60GHz
# CPU Frequency      : 2592 MHz
# CPU Physical cores : 6
# CPU Logical cores  : 12
# Host memory        : 16954 MB
# Swap memory        : 9663 MB
# Total Virtual      : 26618 MB
# Available Virtual  : 11731 MB
#-----------------------------------------------------------
start_gui
open_project C:/Users/petrv/Desktop/PLD/STOPWATCH_UART/project_1/project_1.xpr
INFO: [filemgmt 56-3] Default IP Output Path : Could not find the directory 'C:/Users/petrv/Desktop/PLD/STOPWATCH_UART/project_1/project_1.gen/sources_1'.
WARNING: [filemgmt 56-3] IPUserFilesDir: Could not find the directory 'C:/Users/petrv/Desktop/PLD/STOPWATCH_UART/project_1/project_1.ip_user_files'.
CRITICAL WARNING: [Project 1-19] Could not find the file 'C:/Users/petrv/Desktop/PC_04_template_2025/SOURCES/uart_tx.vhd'.
CRITICAL WARNING: [Project 1-19] Could not find the file 'C:/Users/petrv/Desktop/PLD/STOPWATCH_UART/project_1/project_1.srcs/utils_1/imports/synth_1/rp_top.dcp'.
WARNING: [Project 1-865] Could not find the file C:/Users/petrv/Desktop/PLD/STOPWATCH_UART/project_1/project_1.srcs/utils_1/imports/synth_1/rp_top.dcp
Scanning sources...
Finished scanning sources
INFO: [IP_Flow 19-234] Refreshing IP repositories
INFO: [IP_Flow 19-1704] No user IP repositories specified
INFO: [IP_Flow 19-2313] Loaded Vivado IP repository 'D:/VIVADO/Vivado/2024.2/data/ip'.
update_compile_order -fileset sources_1
export_ip_user_files -of_objects  [get_files C:/Users/petrv/Desktop/PLD/STOPWATCH_UART/project_1/SOURCES/uart_tx.vhd] -no_script -reset -force -quiet
remove_files  C:/Users/petrv/Desktop/PLD/STOPWATCH_UART/project_1/SOURCES/uart_tx.vhd
add_files -norecurse C:/Users/petrv/Desktop/PLD/STOPWATCH_UART/project_1/SOURCES/uart_tx.vhd
update_compile_order -fileset sources_1
launch_simulation
Command: launch_simulation 
INFO: [Vivado 12-12493] Simulation top is 'uart_tb'
WARNING: [Vivado 12-13340] Unable to auto find GCC executables from simulator install path! (path not set)
INFO: [Vivado 12-5682] Launching behavioral simulation in 'C:/Users/petrv/Desktop/PLD/STOPWATCH_UART/project_1/project_1.sim/sim_1/behav/xsim'
INFO: [SIM-utils-51] Simulation object is 'sim_1'
INFO: [SIM-utils-72] Using boost library from 'D:/VIVADO/Vivado/2024.2/tps/boost_1_72_0'
INFO: [SIM-utils-54] Inspecting design source files for 'uart_tb' in fileset 'sim_1'...
INFO: [USF-XSim-97] Finding global include files...
INFO: [USF-XSim-98] Fetching design files from 'sim_1'...
INFO: [USF-XSim-2] XSim::Compile design
INFO: [USF-XSim-61] Executing 'COMPILE and ANALYZE' step in 'C:/Users/petrv/Desktop/PLD/STOPWATCH_UART/project_1/project_1.sim/sim_1/behav/xsim'
"xvhdl --incr --relax -prj uart_tb_vhdl.prj"
INFO: [VRFC 10-163] Analyzing VHDL file "C:/Users/petrv/Desktop/PLD/STOPWATCH_UART/project_1/SOURCES/cnt_bin.vhd" into library xil_defaultlib
INFO: [VRFC 10-3107] analyzing entity 'ce_gen'
INFO: [VRFC 10-163] Analyzing VHDL file "C:/Users/petrv/Desktop/PLD/STOPWATCH_UART/project_1/SOURCES/uart_tx.vhd" into library xil_defaultlib
INFO: [VRFC 10-3107] analyzing entity 'uart_tx'
INFO: [VRFC 10-163] Analyzing VHDL file "C:/Users/petrv/Desktop/PLD/STOPWATCH_UART/project_1/SOURCES/uart_tb.vhd" into library xil_defaultlib
INFO: [VRFC 10-3107] analyzing entity 'uart_tb'
ERROR: [VRFC 10-719] formal port/generic <div_fact> is not declared in <ce_gen> [C:/Users/petrv/Desktop/PLD/STOPWATCH_UART/project_1/SOURCES/uart_tb.vhd:82]
ERROR: [VRFC 10-9458] unit 'behavioral' is ignored due to previous errors [C:/Users/petrv/Desktop/PLD/STOPWATCH_UART/project_1/SOURCES/uart_tb.vhd:8]
INFO: [VRFC 10-8704] VHDL file 'C:/Users/petrv/Desktop/PLD/STOPWATCH_UART/project_1/SOURCES/uart_tb.vhd' is ignored due to errors
INFO: [USF-XSim-69] 'compile' step finished in '2' seconds
INFO: [USF-XSim-99] Step results log file:'C:/Users/petrv/Desktop/PLD/STOPWATCH_UART/project_1/project_1.sim/sim_1/behav/xsim/xvhdl.log'
ERROR: [USF-XSim-62] 'compile' step failed with error(s). Please check the Tcl console output or 'C:/Users/petrv/Desktop/PLD/STOPWATCH_UART/project_1/project_1.sim/sim_1/behav/xsim/xvhdl.log' file for more information.
ERROR: [Vivado 12-4473] Detected error while running simulation. Please correct the issue and retry this operation.
ERROR: [Common 17-39] 'launch_simulation' failed due to earlier errors.
launch_simulation
Command: launch_simulation 
INFO: [Vivado 12-12493] Simulation top is 'uart_tb'
WARNING: [Vivado 12-13340] Unable to auto find GCC executables from simulator install path! (path not set)
INFO: [Vivado 12-5682] Launching behavioral simulation in 'C:/Users/petrv/Desktop/PLD/STOPWATCH_UART/project_1/project_1.sim/sim_1/behav/xsim'
INFO: [SIM-utils-51] Simulation object is 'sim_1'
INFO: [SIM-utils-72] Using boost library from 'D:/VIVADO/Vivado/2024.2/tps/boost_1_72_0'
INFO: [SIM-utils-54] Inspecting design source files for 'uart_tb' in fileset 'sim_1'...
INFO: [USF-XSim-97] Finding global include files...
INFO: [USF-XSim-98] Fetching design files from 'sim_1'...
INFO: [USF-XSim-2] XSim::Compile design
INFO: [USF-XSim-61] Executing 'COMPILE and ANALYZE' step in 'C:/Users/petrv/Desktop/PLD/STOPWATCH_UART/project_1/project_1.sim/sim_1/behav/xsim'
"xvhdl --incr --relax -prj uart_tb_vhdl.prj"
INFO: [VRFC 10-163] Analyzing VHDL file "C:/Users/petrv/Desktop/PLD/STOPWATCH_UART/project_1/SOURCES/cnt_bin.vhd" into library xil_defaultlib
INFO: [VRFC 10-3107] analyzing entity 'ce_gen'
INFO: [VRFC 10-163] Analyzing VHDL file "C:/Users/petrv/Desktop/PLD/STOPWATCH_UART/project_1/SOURCES/uart_tx.vhd" into library xil_defaultlib
INFO: [VRFC 10-3107] analyzing entity 'uart_tx'
INFO: [VRFC 10-163] Analyzing VHDL file "C:/Users/petrv/Desktop/PLD/STOPWATCH_UART/project_1/SOURCES/uart_tb.vhd" into library xil_defaultlib
INFO: [VRFC 10-3107] analyzing entity 'uart_tb'
ERROR: [VRFC 10-719] formal port/generic <div_fact> is not declared in <ce_gen> [C:/Users/petrv/Desktop/PLD/STOPWATCH_UART/project_1/SOURCES/uart_tb.vhd:82]
ERROR: [VRFC 10-9458] unit 'behavioral' is ignored due to previous errors [C:/Users/petrv/Desktop/PLD/STOPWATCH_UART/project_1/SOURCES/uart_tb.vhd:8]
INFO: [VRFC 10-8704] VHDL file 'C:/Users/petrv/Desktop/PLD/STOPWATCH_UART/project_1/SOURCES/uart_tb.vhd' is ignored due to errors
INFO: [USF-XSim-69] 'compile' step finished in '1' seconds
INFO: [USF-XSim-99] Step results log file:'C:/Users/petrv/Desktop/PLD/STOPWATCH_UART/project_1/project_1.sim/sim_1/behav/xsim/xvhdl.log'
ERROR: [USF-XSim-62] 'compile' step failed with error(s). Please check the Tcl console output or 'C:/Users/petrv/Desktop/PLD/STOPWATCH_UART/project_1/project_1.sim/sim_1/behav/xsim/xvhdl.log' file for more information.
ERROR: [Vivado 12-4473] Detected error while running simulation. Please correct the issue and retry this operation.
ERROR: [Common 17-39] 'launch_simulation' failed due to earlier errors.
WARNING: [filemgmt 56-199] Attempt to get parsing info during refresh. "On-the-fly" syntax checking information may be incorrect. [C:\Users\petrv\Desktop\PLD\STOPWATCH_UART\project_1\SOURCES\uart_tx.vhd:]
WARNING: [filemgmt 56-199] Attempt to get parsing info during refresh. "On-the-fly" syntax checking information may be incorrect. [C:\Users\petrv\Desktop\PLD\STOPWATCH_UART\project_1\SOURCES\uart_tb.vhd:]
WARNING: [filemgmt 56-199] Attempt to get parsing info during refresh. "On-the-fly" syntax checking information may be incorrect. [C:\Users\petrv\Desktop\PLD\STOPWATCH_UART\project_1\SOURCES\uart_tb.vhd:]
WARNING: [filemgmt 56-199] Attempt to get parsing info during refresh. "On-the-fly" syntax checking information may be incorrect. [C:\Users\petrv\Desktop\PLD\STOPWATCH_UART\project_1\SOURCES\uart_tb.vhd:]
launch_simulation
Command: launch_simulation 
INFO: [Vivado 12-12493] Simulation top is 'uart_tb'
WARNING: [Vivado 12-13340] Unable to auto find GCC executables from simulator install path! (path not set)
INFO: [Vivado 12-5682] Launching behavioral simulation in 'C:/Users/petrv/Desktop/PLD/STOPWATCH_UART/project_1/project_1.sim/sim_1/behav/xsim'
INFO: [SIM-utils-51] Simulation object is 'sim_1'
INFO: [SIM-utils-72] Using boost library from 'D:/VIVADO/Vivado/2024.2/tps/boost_1_72_0'
INFO: [SIM-utils-54] Inspecting design source files for 'uart_tb' in fileset 'sim_1'...
INFO: [USF-XSim-97] Finding global include files...
INFO: [USF-XSim-98] Fetching design files from 'sim_1'...
INFO: [USF-XSim-2] XSim::Compile design
INFO: [USF-XSim-61] Executing 'COMPILE and ANALYZE' step in 'C:/Users/petrv/Desktop/PLD/STOPWATCH_UART/project_1/project_1.sim/sim_1/behav/xsim'
ERROR: [Common 17-180] Spawn failed: No such file or directory
"xvhdl --incr --relax -prj uart_tb_vhdl.prj"
INFO: [VRFC 10-163] Analyzing VHDL file "C:/Users/petrv/Desktop/PLD/STOPWATCH_UART/project_1/SOURCES/cnt_bin.vhd" into library xil_defaultlib
INFO: [VRFC 10-3107] analyzing entity 'ce_gen'
INFO: [VRFC 10-163] Analyzing VHDL file "C:/Users/petrv/Desktop/PLD/STOPWATCH_UART/project_1/SOURCES/uart_tx.vhd" into library xil_defaultlib
INFO: [VRFC 10-3107] analyzing entity 'uart_tx'
INFO: [VRFC 10-163] Analyzing VHDL file "C:/Users/petrv/Desktop/PLD/STOPWATCH_UART/project_1/SOURCES/uart_tb.vhd" into library xil_defaultlib
INFO: [VRFC 10-3107] analyzing entity 'uart_tb'
INFO: [USF-XSim-69] 'compile' step finished in '2' seconds
ERROR: [USF-XSim-62] 'compile' step failed with error(s) while executing 'C:/Users/petrv/Desktop/PLD/STOPWATCH_UART/project_1/project_1.sim/sim_1/behav/xsim/compile.bat' script. Please check that the file has the correct 'read/write/execute' permissions and the Tcl console output for any other possible errors or warnings.
ERROR: [Vivado 12-4473] Detected error while running simulation. Please correct the issue and retry this operation.
ERROR: [Common 17-39] 'launch_simulation' failed due to earlier errors.
launch_simulation
Command: launch_simulation 
INFO: [Vivado 12-12493] Simulation top is 'uart_tb'
WARNING: [Vivado 12-13340] Unable to auto find GCC executables from simulator install path! (path not set)
INFO: [Vivado 12-5682] Launching behavioral simulation in 'C:/Users/petrv/Desktop/PLD/STOPWATCH_UART/project_1/project_1.sim/sim_1/behav/xsim'
INFO: [SIM-utils-51] Simulation object is 'sim_1'
INFO: [SIM-utils-72] Using boost library from 'D:/VIVADO/Vivado/2024.2/tps/boost_1_72_0'
INFO: [SIM-utils-54] Inspecting design source files for 'uart_tb' in fileset 'sim_1'...
INFO: [USF-XSim-97] Finding global include files...
INFO: [USF-XSim-98] Fetching design files from 'sim_1'...
INFO: [USF-XSim-2] XSim::Compile design
INFO: [USF-XSim-61] Executing 'COMPILE and ANALYZE' step in 'C:/Users/petrv/Desktop/PLD/STOPWATCH_UART/project_1/project_1.sim/sim_1/behav/xsim'
"xvhdl --incr --relax -prj uart_tb_vhdl.prj"
INFO: [VRFC 10-163] Analyzing VHDL file "C:/Users/petrv/Desktop/PLD/STOPWATCH_UART/project_1/SOURCES/cnt_bin.vhd" into library xil_defaultlib
INFO: [VRFC 10-3107] analyzing entity 'ce_gen'
INFO: [VRFC 10-163] Analyzing VHDL file "C:/Users/petrv/Desktop/PLD/STOPWATCH_UART/project_1/SOURCES/uart_tx.vhd" into library xil_defaultlib
INFO: [VRFC 10-3107] analyzing entity 'uart_tx'
INFO: [VRFC 10-163] Analyzing VHDL file "C:/Users/petrv/Desktop/PLD/STOPWATCH_UART/project_1/SOURCES/uart_tb.vhd" into library xil_defaultlib
INFO: [VRFC 10-3107] analyzing entity 'uart_tb'
INFO: [USF-XSim-69] 'compile' step finished in '2' seconds
INFO: [USF-XSim-3] XSim::Elaborate design
INFO: [USF-XSim-61] Executing 'ELABORATE' step in 'C:/Users/petrv/Desktop/PLD/STOPWATCH_UART/project_1/project_1.sim/sim_1/behav/xsim'
"xelab --incr --debug typical --relax --mt 2 -L xil_defaultlib -L secureip --snapshot uart_tb_behav xil_defaultlib.uart_tb -log elaborate.log"
Vivado Simulator v2024.2.0
Copyright 1986-2022 Xilinx, Inc. All Rights Reserved.
Copyright 2022-2024 Advanced Micro Devices, Inc. All Rights Reserved.
Running: D:/VIVADO/Vivado/2024.2/bin/unwrapped/win64.o/xelab.exe --incr --debug typical --relax --mt 2 -L xil_defaultlib -L secureip --snapshot uart_tb_behav xil_defaultlib.uart_tb -log elaborate.log 
Using 2 slave threads.
Starting static elaboration
Completed static elaboration
Starting simulation data flow analysis
Completed simulation data flow analysis
Time Resolution for simulation is 1ps
Compiling package std.standard
Compiling package std.textio
Compiling package ieee.std_logic_1164
Compiling package ieee.numeric_std
Compiling package ieee.math_real
Compiling architecture behavioral of entity xil_defaultlib.uart_tx [uart_tx_default]
Compiling architecture behavioral of entity xil_defaultlib.ce_gen [\ce_gen(g_div_fact=20)\]
Compiling architecture behavioral of entity xil_defaultlib.uart_tb
Built simulation snapshot uart_tb_behav
INFO: [USF-XSim-69] 'elaborate' step finished in '3' seconds
INFO: [USF-XSim-4] XSim::Simulate design
INFO: [USF-XSim-61] Executing 'SIMULATE' step in 'C:/Users/petrv/Desktop/PLD/STOPWATCH_UART/project_1/project_1.sim/sim_1/behav/xsim'
INFO: [USF-XSim-98] *** Running xsim
   with args "uart_tb_behav -key {Behavioral:sim_1:Functional:uart_tb} -tclbatch {uart_tb.tcl} -log {simulate.log}"
INFO: [USF-XSim-8] Loading simulator feature
Time resolution is 1 ps
source uart_tb.tcl
# set curr_wave [current_wave_config]
# if { [string length $curr_wave] == 0 } {
#   if { [llength [get_objects]] > 0} {
#     add_wave /
#     set_property needs_save false [current_wave_config]
#   } else {
#      send_msg_id Add_Wave-1 WARNING "No top level signals found. Simulator will start without a wave window. If you want to open a wave window go to 'File->New Waveform Configuration' or type 'create_wave_config' in the TCL console."
#   }
# }
# run all
Note: ================================================================
Time: 6120 ns  Iteration: 0  Process: /uart_tb/UART_Tx_stimuli  File: C:/Users/petrv/Desktop/PLD/STOPWATCH_UART/project_1/SOURCES/uart_tb.vhd
Note: Simulation finished!
Time: 6120 ns  Iteration: 0  Process: /uart_tb/UART_Tx_stimuli  File: C:/Users/petrv/Desktop/PLD/STOPWATCH_UART/project_1/SOURCES/uart_tb.vhd
Failure: ================================================================
Time: 6120 ns  Iteration: 0  Process: /uart_tb/UART_Tx_stimuli  File: C:/Users/petrv/Desktop/PLD/STOPWATCH_UART/project_1/SOURCES/uart_tb.vhd
$finish called at time : 6120 ns : File "C:/Users/petrv/Desktop/PLD/STOPWATCH_UART/project_1/SOURCES/uart_tb.vhd" Line 107
INFO: [USF-XSim-96] XSim completed. Design snapshot 'uart_tb_behav' loaded.
INFO: [USF-XSim-97] XSim simulation ran for -all
launch_simulation: Time (s): cpu = 00:00:01 ; elapsed = 00:00:08 . Memory (MB): peak = 1276.367 ; gain = 19.750
relaunch_sim
Command: launch_simulation -step compile -simset sim_1 -mode behavioral
INFO: [Vivado 12-12493] Simulation top is 'uart_tb'
WARNING: [Vivado 12-13340] Unable to auto find GCC executables from simulator install path! (path not set)
INFO: [Vivado 12-5682] Launching behavioral simulation in 'C:/Users/petrv/Desktop/PLD/STOPWATCH_UART/project_1/project_1.sim/sim_1/behav/xsim'
INFO: [SIM-utils-51] Simulation object is 'sim_1'
INFO: [SIM-utils-72] Using boost library from 'D:/VIVADO/Vivado/2024.2/tps/boost_1_72_0'
INFO: [SIM-utils-54] Inspecting design source files for 'uart_tb' in fileset 'sim_1'...
INFO: [USF-XSim-97] Finding global include files...
INFO: [USF-XSim-98] Fetching design files from 'sim_1'...
INFO: [USF-XSim-2] XSim::Compile design
INFO: [USF-XSim-61] Executing 'COMPILE and ANALYZE' step in 'C:/Users/petrv/Desktop/PLD/STOPWATCH_UART/project_1/project_1.sim/sim_1/behav/xsim'
"xvhdl --incr --relax -prj uart_tb_vhdl.prj"
INFO: [USF-XSim-69] 'compile' step finished in '4' seconds
Command: launch_simulation -step elaborate -simset sim_1 -mode behavioral
INFO: [Vivado 12-12493] Simulation top is 'uart_tb'
WARNING: [Vivado 12-13340] Unable to auto find GCC executables from simulator install path! (path not set)
INFO: [Vivado 12-5682] Launching behavioral simulation in 'C:/Users/petrv/Desktop/PLD/STOPWATCH_UART/project_1/project_1.sim/sim_1/behav/xsim'
INFO: [SIM-utils-51] Simulation object is 'sim_1'
INFO: [USF-XSim-3] XSim::Elaborate design
INFO: [USF-XSim-61] Executing 'ELABORATE' step in 'C:/Users/petrv/Desktop/PLD/STOPWATCH_UART/project_1/project_1.sim/sim_1/behav/xsim'
"xelab --incr --debug typical --relax --mt 2 -L xil_defaultlib -L secureip --snapshot uart_tb_behav xil_defaultlib.uart_tb -log elaborate.log"
Vivado Simulator v2024.2.0
Copyright 1986-2022 Xilinx, Inc. All Rights Reserved.
Copyright 2022-2024 Advanced Micro Devices, Inc. All Rights Reserved.
Running: D:/VIVADO/Vivado/2024.2/bin/unwrapped/win64.o/xelab.exe --incr --debug typical --relax --mt 2 -L xil_defaultlib -L secureip --snapshot uart_tb_behav xil_defaultlib.uart_tb -log elaborate.log 
Using 2 slave threads.
Starting static elaboration
Completed static elaboration
INFO: [XSIM 43-4323] No Change in HDL. Linking previously generated obj files to create kernel
INFO: [USF-XSim-69] 'elaborate' step finished in '5' seconds
Time resolution is 1 ps
Note: ================================================================
Time: 6120 ns  Iteration: 0  Process: /uart_tb/UART_Tx_stimuli  File: C:/Users/petrv/Desktop/PLD/STOPWATCH_UART/project_1/SOURCES/uart_tb.vhd
Note: Simulation finished!
Time: 6120 ns  Iteration: 0  Process: /uart_tb/UART_Tx_stimuli  File: C:/Users/petrv/Desktop/PLD/STOPWATCH_UART/project_1/SOURCES/uart_tb.vhd
Failure: ================================================================
Time: 6120 ns  Iteration: 0  Process: /uart_tb/UART_Tx_stimuli  File: C:/Users/petrv/Desktop/PLD/STOPWATCH_UART/project_1/SOURCES/uart_tb.vhd
$finish called at time : 6120 ns : File "C:/Users/petrv/Desktop/PLD/STOPWATCH_UART/project_1/SOURCES/uart_tb.vhd" Line 107
relaunch_sim: Time (s): cpu = 00:00:00 ; elapsed = 00:00:11 . Memory (MB): peak = 1278.668 ; gain = 0.000
WARNING: [filemgmt 56-199] Attempt to get parsing info during refresh. "On-the-fly" syntax checking information may be incorrect. [C:\Users\petrv\Desktop\PLD\STOPWATCH_UART\project_1\SOURCES\uart_tx.vhd:]
WARNING: [filemgmt 56-199] Attempt to get parsing info during refresh. "On-the-fly" syntax checking information may be incorrect. [C:\Users\petrv\Desktop\PLD\STOPWATCH_UART\project_1\SOURCES\uart_tb.vhd:]
WARNING: [filemgmt 56-199] Attempt to get parsing info during refresh. "On-the-fly" syntax checking information may be incorrect. [C:\Users\petrv\Desktop\PLD\STOPWATCH_UART\project_1\SOURCES\cnt_bin.vhd:]
WARNING: [filemgmt 56-199] Attempt to get parsing info during refresh. "On-the-fly" syntax checking information may be incorrect. [C:\Users\petrv\Desktop\PLD\STOPWATCH_UART\project_1\SOURCES\cnt_bin.vhd:]
WARNING: [filemgmt 56-199] Attempt to get parsing info during refresh. "On-the-fly" syntax checking information may be incorrect. [C:\Users\petrv\Desktop\PLD\STOPWATCH_UART\project_1\SOURCES\cnt_bin.vhd:]
WARNING: [filemgmt 56-199] Attempt to get parsing info during refresh. "On-the-fly" syntax checking information may be incorrect. [C:\Users\petrv\Desktop\PLD\STOPWATCH_UART\project_1\SOURCES\uart_tx.vhd:]
WARNING: [filemgmt 56-199] Attempt to get parsing info during refresh. "On-the-fly" syntax checking information may be incorrect. [C:\Users\petrv\Desktop\PLD\STOPWATCH_UART\project_1\SOURCES\uart_tb.vhd:]
WARNING: [filemgmt 56-199] Attempt to get parsing info during refresh. "On-the-fly" syntax checking information may be incorrect. [C:\Users\petrv\Desktop\PLD\STOPWATCH_UART\project_1\SOURCES\cnt_bin.vhd:]
WARNING: [filemgmt 56-199] Attempt to get parsing info during refresh. "On-the-fly" syntax checking information may be incorrect. [C:\Users\petrv\Desktop\PLD\STOPWATCH_UART\project_1\SOURCES\uart_tb.vhd:]
WARNING: [filemgmt 56-199] Attempt to get parsing info during refresh. "On-the-fly" syntax checking information may be incorrect. [C:\Users\petrv\Desktop\PLD\STOPWATCH_UART\project_1\SOURCES\uart_tb.vhd:]
close_sim
INFO: [Simtcl 6-16] Simulation closed
launch_simulation
Command: launch_simulation 
INFO: [Vivado 12-12493] Simulation top is 'uart_tb'
WARNING: [Vivado 12-13340] Unable to auto find GCC executables from simulator install path! (path not set)
INFO: [Vivado 12-5682] Launching behavioral simulation in 'C:/Users/petrv/Desktop/PLD/STOPWATCH_UART/project_1/project_1.sim/sim_1/behav/xsim'
INFO: [SIM-utils-51] Simulation object is 'sim_1'
INFO: [SIM-utils-72] Using boost library from 'D:/VIVADO/Vivado/2024.2/tps/boost_1_72_0'
INFO: [SIM-utils-54] Inspecting design source files for 'uart_tb' in fileset 'sim_1'...
INFO: [USF-XSim-97] Finding global include files...
INFO: [USF-XSim-98] Fetching design files from 'sim_1'...
INFO: [USF-XSim-2] XSim::Compile design
INFO: [USF-XSim-61] Executing 'COMPILE and ANALYZE' step in 'C:/Users/petrv/Desktop/PLD/STOPWATCH_UART/project_1/project_1.sim/sim_1/behav/xsim'
"xvhdl --incr --relax -prj uart_tb_vhdl.prj"
INFO: [VRFC 10-163] Analyzing VHDL file "C:/Users/petrv/Desktop/PLD/STOPWATCH_UART/project_1/SOURCES/uart_tb.vhd" into library xil_defaultlib
INFO: [VRFC 10-3107] analyzing entity 'uart_tb'
INFO: [USF-XSim-69] 'compile' step finished in '2' seconds
INFO: [USF-XSim-3] XSim::Elaborate design
INFO: [USF-XSim-61] Executing 'ELABORATE' step in 'C:/Users/petrv/Desktop/PLD/STOPWATCH_UART/project_1/project_1.sim/sim_1/behav/xsim'
"xelab --incr --debug typical --relax --mt 2 -L xil_defaultlib -L secureip --snapshot uart_tb_behav xil_defaultlib.uart_tb -log elaborate.log"
Vivado Simulator v2024.2.0
Copyright 1986-2022 Xilinx, Inc. All Rights Reserved.
Copyright 2022-2024 Advanced Micro Devices, Inc. All Rights Reserved.
Running: D:/VIVADO/Vivado/2024.2/bin/unwrapped/win64.o/xelab.exe --incr --debug typical --relax --mt 2 -L xil_defaultlib -L secureip --snapshot uart_tb_behav xil_defaultlib.uart_tb -log elaborate.log 
Using 2 slave threads.
Starting static elaboration
Completed static elaboration
Starting simulation data flow analysis
Completed simulation data flow analysis
Time Resolution for simulation is 1ps
Compiling package std.standard
Compiling package std.textio
Compiling package ieee.std_logic_1164
Compiling package ieee.numeric_std
Compiling package ieee.math_real
Compiling architecture behavioral of entity xil_defaultlib.uart_tx [uart_tx_default]
Compiling architecture behavioral of entity xil_defaultlib.ce_gen [\ce_gen(g_div_fact=434)\]
Compiling architecture behavioral of entity xil_defaultlib.uart_tb
Built simulation snapshot uart_tb_behav
INFO: [USF-XSim-69] 'elaborate' step finished in '3' seconds
INFO: [USF-XSim-4] XSim::Simulate design
INFO: [USF-XSim-61] Executing 'SIMULATE' step in 'C:/Users/petrv/Desktop/PLD/STOPWATCH_UART/project_1/project_1.sim/sim_1/behav/xsim'
INFO: [USF-XSim-98] *** Running xsim
   with args "uart_tb_behav -key {Behavioral:sim_1:Functional:uart_tb} -tclbatch {uart_tb.tcl} -log {simulate.log}"
INFO: [USF-XSim-8] Loading simulator feature
Time resolution is 1 ps
source uart_tb.tcl
# set curr_wave [current_wave_config]
# if { [string length $curr_wave] == 0 } {
#   if { [llength [get_objects]] > 0} {
#     add_wave /
#     set_property needs_save false [current_wave_config]
#   } else {
#      send_msg_id Add_Wave-1 WARNING "No top level signals found. Simulator will start without a wave window. If you want to open a wave window go to 'File->New Waveform Configuration' or type 'create_wave_config' in the TCL console."
#   }
# }
# run all
Note: ================================================================
Time: 6120 ns  Iteration: 0  Process: /uart_tb/UART_Tx_stimuli  File: C:/Users/petrv/Desktop/PLD/STOPWATCH_UART/project_1/SOURCES/uart_tb.vhd
Note: Simulation finished!
Time: 6120 ns  Iteration: 0  Process: /uart_tb/UART_Tx_stimuli  File: C:/Users/petrv/Desktop/PLD/STOPWATCH_UART/project_1/SOURCES/uart_tb.vhd
Failure: ================================================================
Time: 6120 ns  Iteration: 0  Process: /uart_tb/UART_Tx_stimuli  File: C:/Users/petrv/Desktop/PLD/STOPWATCH_UART/project_1/SOURCES/uart_tb.vhd
$finish called at time : 6120 ns : File "C:/Users/petrv/Desktop/PLD/STOPWATCH_UART/project_1/SOURCES/uart_tb.vhd" Line 107
INFO: [USF-XSim-96] XSim completed. Design snapshot 'uart_tb_behav' loaded.
INFO: [USF-XSim-97] XSim simulation ran for -all
launch_simulation: Time (s): cpu = 00:00:01 ; elapsed = 00:00:08 . Memory (MB): peak = 1332.297 ; gain = 0.000
WARNING: [filemgmt 56-199] Attempt to get parsing info during refresh. "On-the-fly" syntax checking information may be incorrect. [C:\Users\petrv\Desktop\PLD\STOPWATCH_UART\project_1\SOURCES\uart_tx.vhd:]
WARNING: [filemgmt 56-199] Attempt to get parsing info during refresh. "On-the-fly" syntax checking information may be incorrect. [C:\Users\petrv\Desktop\PLD\STOPWATCH_UART\project_1\SOURCES\uart_tb.vhd:]
WARNING: [filemgmt 56-199] Attempt to get parsing info during refresh. "On-the-fly" syntax checking information may be incorrect. [C:\Users\petrv\Desktop\PLD\STOPWATCH_UART\project_1\SOURCES\cnt_bin.vhd:]
WARNING: [filemgmt 56-199] Attempt to get parsing info during refresh. "On-the-fly" syntax checking information may be incorrect. [C:\Users\petrv\Desktop\PLD\STOPWATCH_UART\project_1\SOURCES\cnt_bin.vhd:]
WARNING: [filemgmt 56-199] Attempt to get parsing info during refresh. "On-the-fly" syntax checking information may be incorrect. [C:\Users\petrv\Desktop\PLD\STOPWATCH_UART\project_1\SOURCES\cnt_bin.vhd:]
ERROR: [Common 17-180] Spawn failed: No error
WARNING: [filemgmt 56-199] Attempt to get parsing info during refresh. "On-the-fly" syntax checking information may be incorrect. [C:\Users\petrv\Desktop\PLD\STOPWATCH_UART\project_1\SOURCES\uart_tx.vhd:]
WARNING: [filemgmt 56-199] Attempt to get parsing info during refresh. "On-the-fly" syntax checking information may be incorrect. [C:\Users\petrv\Desktop\PLD\STOPWATCH_UART\project_1\SOURCES\uart_tb.vhd:]
WARNING: [filemgmt 56-199] Attempt to get parsing info during refresh. "On-the-fly" syntax checking information may be incorrect. [C:\Users\petrv\Desktop\PLD\STOPWATCH_UART\project_1\SOURCES\cnt_bin.vhd:]
WARNING: [filemgmt 56-199] Attempt to get parsing info during refresh. "On-the-fly" syntax checking information may be incorrect. [C:\Users\petrv\Desktop\PLD\STOPWATCH_UART\project_1\SOURCES\uart_tb.vhd:]
WARNING: [filemgmt 56-199] Attempt to get parsing info during refresh. "On-the-fly" syntax checking information may be incorrect. [C:\Users\petrv\Desktop\PLD\STOPWATCH_UART\project_1\SOURCES\uart_tb.vhd:]
WARNING: [filemgmt 56-199] Attempt to get parsing info during refresh. "On-the-fly" syntax checking information may be incorrect. [C:\Users\petrv\Desktop\PLD\STOPWATCH_UART\project_1\SOURCES\uart_tx.vhd:]
WARNING: [filemgmt 56-199] Attempt to get parsing info during refresh. "On-the-fly" syntax checking information may be incorrect. [C:\Users\petrv\Desktop\PLD\STOPWATCH_UART\project_1\SOURCES\uart_tb.vhd:]
WARNING: [filemgmt 56-199] Attempt to get parsing info during refresh. "On-the-fly" syntax checking information may be incorrect. [C:\Users\petrv\Desktop\PLD\STOPWATCH_UART\project_1\SOURCES\cnt_bin.vhd:]
WARNING: [filemgmt 56-199] Attempt to get parsing info during refresh. "On-the-fly" syntax checking information may be incorrect. [C:\Users\petrv\Desktop\PLD\STOPWATCH_UART\project_1\SOURCES\cnt_bin.vhd:]
WARNING: [filemgmt 56-199] Attempt to get parsing info during refresh. "On-the-fly" syntax checking information may be incorrect. [C:\Users\petrv\Desktop\PLD\STOPWATCH_UART\project_1\SOURCES\cnt_bin.vhd:]
close_sim
INFO: [Simtcl 6-16] Simulation closed
exit
INFO: [Common 17-206] Exiting Vivado at Wed Mar 26 19:27:08 2025...
