#-----------------------------------------------------------
# Vivado v2024.2 (64-bit)
# SW Build 5239630 on Fri Nov 08 22:35:27 MST 2024
# IP Build 5239520 on Sun Nov 10 16:12:51 MST 2024
# SharedData Build 5239561 on Fri Nov 08 14:39:27 MST 2024
# Start of session at: Wed Mar 26 18:44:56 2025
# Process ID         : 29480
# Current directory  : C:/Users/petrv/Desktop/PLD/STOPWATCH_UART/project_1
# Command line       : vivado.exe -gui_launcher_event rodinguilauncherevent15184 C:\Users\petrv\Desktop\PLD\STOPWATCH_UART\project_1\project_1.xpr
# Log file           : C:/Users/petrv/Desktop/PLD/STOPWATCH_UART/project_1/vivado.log
# Journal file       : C:/Users/petrv/Desktop/PLD/STOPWATCH_UART/project_1\vivado.jou
# Running On         : LAPTOP-9IM6L6CH
# Platform           : Windows Server 2016 or Windows 10
# Operating System   : 22631
# Processor Detail   : Intel(R) Core(TM) i7-10750H CPU @ 2.60GHz
# CPU Frequency      : 2592 MHz
# CPU Physical cores : 6
# CPU Logical cores  : 12
# Host memory        : 16954 MB
# Swap memory        : 9663 MB
# Total Virtual      : 26618 MB
# Available Virtual  : 12313 MB
#-----------------------------------------------------------
start_gui
open_project C:/Users/petrv/Desktop/PLD/STOPWATCH_UART/project_1/project_1.xpr
INFO: [Project 1-313] Project file moved from 'C:/Users/petrv/Desktop/PLD/cvicenivanek/project_1' since last save.
INFO: [filemgmt 56-3] Default IP Output Path : Could not find the directory 'C:/Users/petrv/Desktop/PLD/STOPWATCH_UART/project_1/project_1.gen/sources_1'.
Scanning sources...
Finished scanning sources
INFO: [IP_Flow 19-234] Refreshing IP repositories
INFO: [IP_Flow 19-1704] No user IP repositories specified
INFO: [IP_Flow 19-2313] Loaded Vivado IP repository 'D:/VIVADO/Vivado/2024.2/data/ip'.
update_compile_order -fileset sources_1
close [ open C:/Users/petrv/Desktop/PC_04_template_2025/SOURCES/uart_tx.vhd w ]
add_files C:/Users/petrv/Desktop/PC_04_template_2025/SOURCES/uart_tx.vhd
update_compile_order -fileset sources_1
set_property SOURCE_SET sources_1 [get_filesets sim_1]
close [ open C:/Users/petrv/Desktop/PLD/STOPWATCH_UART/project_1/SOURCES/uart_tb.vhd w ]
add_files -fileset sim_1 C:/Users/petrv/Desktop/PLD/STOPWATCH_UART/project_1/SOURCES/uart_tb.vhd
update_compile_order -fileset sim_1
add_files -norecurse C:/Users/petrv/Desktop/PLD/STOPWATCH_UART/project_1/SOURCES/uart_tx.vhd
update_compile_order -fileset sources_1
set_property top uart_tb [get_filesets sim_1]
set_property top_lib xil_defaultlib [get_filesets sim_1]
WARNING: [filemgmt 56-199] Attempt to get parsing info during refresh. "On-the-fly" syntax checking information may be incorrect. [C:\Users\petrv\Desktop\PLD\STOPWATCH_UART\project_1\SOURCES\uart_tb.vhd:]
WARNING: [filemgmt 56-199] Attempt to get parsing info during refresh. "On-the-fly" syntax checking information may be incorrect. [C:\Users\petrv\Desktop\PLD\STOPWATCH_UART\project_1\SOURCES\uart_tx.vhd:]
WARNING: [filemgmt 56-199] Attempt to get parsing info during refresh. "On-the-fly" syntax checking information may be incorrect. [C:\Users\petrv\Desktop\PLD\STOPWATCH_UART\project_1\SOURCES\uart_tx.vhd:]
WARNING: [filemgmt 56-199] Attempt to get parsing info during refresh. "On-the-fly" syntax checking information may be incorrect. [C:\Users\petrv\Desktop\PLD\STOPWATCH_UART\project_1\SOURCES\uart_tx.vhd:]
ERROR: [Common 17-180] Spawn failed: No error
update_compile_order -fileset sim_1
WARNING: [filemgmt 56-199] Attempt to get parsing info during refresh. "On-the-fly" syntax checking information may be incorrect. [C:\Users\petrv\Desktop\PLD\STOPWATCH_UART\project_1\SOURCES\uart_tb.vhd:]
WARNING: [filemgmt 56-199] Attempt to get parsing info during refresh. "On-the-fly" syntax checking information may be incorrect. [C:\Users\petrv\Desktop\PLD\STOPWATCH_UART\project_1\SOURCES\uart_tx.vhd:]
WARNING: [filemgmt 56-199] Attempt to get parsing info during refresh. "On-the-fly" syntax checking information may be incorrect. [C:\Users\petrv\Desktop\PLD\STOPWATCH_UART\project_1\SOURCES\uart_tx.vhd:]
WARNING: [filemgmt 56-199] Attempt to get parsing info during refresh. "On-the-fly" syntax checking information may be incorrect. [C:\Users\petrv\Desktop\PLD\STOPWATCH_UART\project_1\SOURCES\uart_tx.vhd:]
ERROR: [Common 17-180] Spawn failed: No error
launch_simulation
ERROR: [Common 17-1293] The path 'C:/Users/petrv/Desktop/PLD/STOPWATCH_UART/project_1/project_1.cache/wt' already exists, is a directory, but is not writable.
reset_run synth_1
INFO: [Project 1-1160] Copying file C:/Users/petrv/Desktop/PLD/STOPWATCH_UART/project_1/project_1.runs/synth_1/rp_top.dcp to C:/Users/petrv/Desktop/PLD/STOPWATCH_UART/project_1/project_1.srcs/utils_1/imports/synth_1 and adding it to utils fileset
WARNING: [Vivado 12-1017] Problems encountered:
1. Failed to delete one or more files in run directory C:/Users/petrv/Desktop/PLD/STOPWATCH_UART/project_1/project_1.runs/synth_1

WARNING: [filemgmt 56-199] Attempt to get parsing info during refresh. "On-the-fly" syntax checking information may be incorrect. [C:\Users\petrv\Desktop\PLD\STOPWATCH_UART\project_1\SOURCES\uart_tb.vhd:]
WARNING: [filemgmt 56-199] Attempt to get parsing info during refresh. "On-the-fly" syntax checking information may be incorrect. [C:\Users\petrv\Desktop\PLD\STOPWATCH_UART\project_1\SOURCES\uart_tx.vhd:]
WARNING: [filemgmt 56-199] Attempt to get parsing info during refresh. "On-the-fly" syntax checking information may be incorrect. [C:\Users\petrv\Desktop\PLD\STOPWATCH_UART\project_1\SOURCES\uart_tx.vhd:]
WARNING: [filemgmt 56-199] Attempt to get parsing info during refresh. "On-the-fly" syntax checking information may be incorrect. [C:\Users\petrv\Desktop\PLD\STOPWATCH_UART\project_1\SOURCES\uart_tx.vhd:]
launch_runs synth_1 -jobs 6
[Wed Mar 26 18:56:42 2025] Launched synth_1...
Run output will be captured here: C:/Users/petrv/Desktop/PLD/STOPWATCH_UART/project_1/project_1.runs/synth_1/runme.log
ERROR: [Common 17-180] Spawn failed: No error
launch_simulation
ERROR: [Common 17-1293] The path 'C:/Users/petrv/Desktop/PLD/STOPWATCH_UART/project_1/project_1.cache/wt' already exists, is a directory, but is not writable.
WARNING: [filemgmt 56-199] Attempt to get parsing info during refresh. "On-the-fly" syntax checking information may be incorrect. [C:\Users\petrv\Desktop\PLD\STOPWATCH_UART\project_1\SOURCES\uart_tb.vhd:]
WARNING: [filemgmt 56-199] Attempt to get parsing info during refresh. "On-the-fly" syntax checking information may be incorrect. [C:\Users\petrv\Desktop\PLD\STOPWATCH_UART\project_1\SOURCES\uart_tx.vhd:]
WARNING: [filemgmt 56-199] Attempt to get parsing info during refresh. "On-the-fly" syntax checking information may be incorrect. [C:\Users\petrv\Desktop\PLD\STOPWATCH_UART\project_1\SOURCES\uart_tx.vhd:]
WARNING: [filemgmt 56-199] Attempt to get parsing info during refresh. "On-the-fly" syntax checking information may be incorrect. [C:\Users\petrv\Desktop\PLD\STOPWATCH_UART\project_1\SOURCES\uart_tx.vhd:]
ERROR: [Common 17-180] Spawn failed: No error
exit
INFO: [Common 17-206] Exiting Vivado at Wed Mar 26 18:57:24 2025...
