Copyright 1986-2022 Xilinx, Inc. All Rights Reserved.
------------------------------------------------------------------------------------
| Tool Version : Vivado v.2022.1 (win64) Build 3526262 Mon Apr 18 15:48:16 MDT 2022
| Date         : Thu Mar 13 10:46:11 2025
| Host         : PC-083 running 64-bit major release  (build 9200)
| Command      : report_control_sets -verbose -file rp_top_control_sets_placed.rpt
| Design       : rp_top
| Device       : xc7z010
------------------------------------------------------------------------------------

Control Set Information

Table of Contents
-----------------
1. Summary
2. Histogram
3. Flip-Flop Distribution
4. Detailed Control Set Information

1. Summary
----------

+----------------------------------------------------------+-------+
|                          Status                          | Count |
+----------------------------------------------------------+-------+
| Total control sets                                       |     9 |
|    Minimum number of control sets                        |     9 |
|    Addition due to synthesis replication                 |     0 |
|    Addition due to physical synthesis replication        |     0 |
| Unused register locations in slices containing registers |    34 |
+----------------------------------------------------------+-------+
* Control sets can be merged at opt_design using control_set_merge or merge_equivalent_drivers
** Run report_qor_suggestions for automated merging and remapping suggestions


2. Histogram
------------

+--------------------+-------+
|       Fanout       | Count |
+--------------------+-------+
| Total control sets |     9 |
| >= 0 to < 4        |     0 |
| >= 4 to < 6        |     5 |
| >= 6 to < 8        |     0 |
| >= 8 to < 10       |     0 |
| >= 10 to < 12      |     0 |
| >= 12 to < 14      |     1 |
| >= 14 to < 16      |     0 |
| >= 16              |     3 |
+--------------------+-------+
* Control sets can be remapped at either synth_design or opt_design


3. Flip-Flop Distribution
-------------------------

+--------------+-----------------------+------------------------+-----------------+--------------+
| Clock Enable | Synchronous Set/Reset | Asynchronous Set/Reset | Total Registers | Total Slices |
+--------------+-----------------------+------------------------+-----------------+--------------+
| No           | No                    | No                     |              18 |            8 |
| No           | No                    | Yes                    |               0 |            0 |
| No           | Yes                   | No                     |              36 |           11 |
| Yes          | No                    | No                     |              24 |            5 |
| Yes          | No                    | Yes                    |               0 |            0 |
| Yes          | Yes                   | No                     |              16 |            5 |
+--------------+-----------------------+------------------------+-----------------+--------------+


4. Detailed Control Set Information
-----------------------------------

+----------------+----------------------------------------------------------+----------------------------------------------+------------------+----------------+--------------+
|  Clock Signal  |                       Enable Signal                      |               Set/Reset Signal               | Slice Load Count | Bel Load Count | Bels / Slice |
+----------------+----------------------------------------------------------+----------------------------------------------+------------------+----------------+--------------+
|  CLK_IBUF_BUFG | stopwatch_fsm_i/E[0]                                     | stopwatch_fsm_i/SR[0]                        |                1 |              4 |         4.00 |
|  CLK_IBUF_BUFG | stopwatch_fsm_i/clk_en_reg[0]                            | stopwatch_fsm_i/SR[0]                        |                2 |              4 |         2.00 |
|  CLK_IBUF_BUFG | bcd_counter_i/clock_sec_lsb                              | stopwatch_fsm_i/SR[0]                        |                1 |              4 |         4.00 |
|  CLK_IBUF_BUFG | bcd_counter_i/clock_sec_msb                              | stopwatch_fsm_i/SR[0]                        |                1 |              4 |         4.00 |
|  CLK_IBUF_BUFG |                                                          | seg_disp_driver_i/pres_st_seg_mux[2]         |                2 |              5 |         2.50 |
|  CLK_IBUF_BUFG |                                                          | seg_disp_driver_i/cnt_clk_en_seg[13]_i_1_n_0 |                4 |             13 |         3.25 |
|  CLK_IBUF_BUFG |                                                          |                                              |                8 |             18 |         2.25 |
|  CLK_IBUF_BUFG |                                                          | cen_gen_100Hz_i/cnt[18]_i_1_n_0              |                5 |             18 |         3.60 |
|  CLK_IBUF_BUFG | stopwatch_fsm_i/FSM_sequential_current_state_reg[1]_0[0] |                                              |                5 |             24 |         4.80 |
+----------------+----------------------------------------------------------+----------------------------------------------+------------------+----------------+--------------+


