
*** Running vivado
    with args -log cnt_bin_tb.vds -m64 -product Vivado -mode batch -messageDb vivado.pb -notrace -source cnt_bin_tb.tcl



****** Vivado v2022.1 (64-bit)
  **** SW Build 3526262 on Mon Apr 18 15:48:16 MDT 2022
  **** IP Build 3524634 on Mon Apr 18 20:55:01 MDT 2022
    ** Copyright 1986-2022 Xilinx, Inc. All Rights Reserved.

source cnt_bin_tb.tcl -notrace
create_project: Time (s): cpu = 00:00:06 ; elapsed = 00:00:05 . Memory (MB): peak = 1275.219 ; gain = 23.949
Command: synth_design -top cnt_bin_tb -part xc7z010clg400-1
Starting synth_design
Attempting to get a license for feature 'Synthesis' and/or device 'xc7z010'
INFO: [Common 17-349] Got license for feature 'Synthesis' and/or device 'xc7z010'
INFO: [Device 21-403] Loading part xc7z010clg400-1
INFO: [Synth 8-7079] Multithreading enabled for synth_design using a maximum of 2 processes.
INFO: [Synth 8-7078] Launching helper process for spawning children vivado processes
INFO: [Synth 8-7075] Helper process launched with PID 10016
---------------------------------------------------------------------------------
Starting RTL Elaboration : Time (s): cpu = 00:00:06 ; elapsed = 00:00:07 . Memory (MB): peak = 1275.219 ; gain = 0.000
---------------------------------------------------------------------------------
ERROR: [Synth 8-36] 'unsigned' is not declared [C:/Users/xvanek41/MPC_PLD/cviceni_3/cviceni_3.srcs/sources_1/new/cnt_bin.vhd:47]
ERROR: [Synth 8-36] 'cnt_sig' is not declared [C:/Users/xvanek41/MPC_PLD/cviceni_3/cviceni_3.srcs/sources_1/new/cnt_bin.vhd:64]
ERROR: [Synth 8-36] 'cnt_sig' is not declared [C:/Users/xvanek41/MPC_PLD/cviceni_3/cviceni_3.srcs/sources_1/new/cnt_bin.vhd:66]
ERROR: [Synth 8-36] 'cnt_sig' is not declared [C:/Users/xvanek41/MPC_PLD/cviceni_3/cviceni_3.srcs/sources_1/new/cnt_bin.vhd:71]
ERROR: [Synth 8-9790] near 'std_logic_vector' ; type conversion expression type cannot be determined uniquely [C:/Users/xvanek41/MPC_PLD/cviceni_3/cviceni_3.srcs/sources_1/new/cnt_bin.vhd:71]
INFO: [Synth 8-10126] unit 'behavioral' ignored due to previous errors [C:/Users/xvanek41/MPC_PLD/cviceni_3/cviceni_3.srcs/sources_1/new/cnt_bin.vhd:72]
---------------------------------------------------------------------------------
Finished RTL Elaboration : Time (s): cpu = 00:00:08 ; elapsed = 00:00:09 . Memory (MB): peak = 1275.219 ; gain = 0.000
---------------------------------------------------------------------------------
RTL Elaboration failed
INFO: [Common 17-83] Releasing license: Synthesis
7 Infos, 0 Warnings, 0 Critical Warnings and 6 Errors encountered.
synth_design failed
ERROR: [Common 17-69] Command failed: Synthesis failed - please see the console or run log file for details
INFO: [Common 17-206] Exiting Vivado at Thu Feb 27 10:43:58 2025...
