#-----------------------------------------------------------
# Vivado v2024.2 (64-bit)
# SW Build 5239630 on Fri Nov 08 22:35:27 MST 2024
# IP Build 5239520 on Sun Nov 10 16:12:51 MST 2024
# SharedData Build 5239561 on Fri Nov 08 14:39:27 MST 2024
# Start of session at: Tue Mar 11 16:46:38 2025
# Process ID         : 19084
# Current directory  : C:/Users/petrv/Desktop/PC_04_template_2025
# Command line       : vivado.exe -gui_launcher_event rodinguilauncherevent18780 C:\Users\petrv\Desktop\PC_04_template_2025\Stopwatch.xpr
# Log file           : C:/Users/petrv/Desktop/PC_04_template_2025/vivado.log
# Journal file       : C:/Users/petrv/Desktop/PC_04_template_2025\vivado.jou
# Running On         : LAPTOP-9IM6L6CH
# Platform           : Windows Server 2016 or Windows 10
# Operating System   : 22631
# Processor Detail   : Intel(R) Core(TM) i7-10750H CPU @ 2.60GHz
# CPU Frequency      : 2592 MHz
# CPU Physical cores : 6
# CPU Logical cores  : 12
# Host memory        : 16954 MB
# Swap memory        : 9126 MB
# Total Virtual      : 26081 MB
# Available Virtual  : 19086 MB
#-----------------------------------------------------------
start_gui
open_project C:/Users/petrv/Desktop/PC_04_template_2025/Stopwatch.xpr
INFO: [filemgmt 56-3] Default IP Output Path : Could not find the directory 'C:/Users/petrv/Desktop/PC_04_template_2025/Stopwatch.gen/sources_1'.
WARNING: [filemgmt 56-3] IPUserFilesDir: Could not find the directory 'C:/Users/petrv/Desktop/PC_04_template_2025/Stopwatch.ip_user_files'.
CRITICAL WARNING: [Project 1-19] Could not find the file 'C:/Users/petrv/Desktop/PC_04_template_2025/SOURCES/SIM/stopwatch_tb.vhd'.
Scanning sources...
Finished scanning sources
WARNING: [Project 1-509] GeneratedRun file for 'synth_1' not found
INFO: [IP_Flow 19-234] Refreshing IP repositories
INFO: [IP_Flow 19-1704] No user IP repositories specified
INFO: [IP_Flow 19-2313] Loaded Vivado IP repository 'D:/VIVADO/Vivado/2024.2/data/ip'.
open_project: Time (s): cpu = 00:00:04 ; elapsed = 00:00:13 . Memory (MB): peak = 1197.719 ; gain = 116.863
update_compile_order -fileset sources_1
launch_simulation
Command: launch_simulation 
INFO: [Vivado 12-12493] Simulation top is 'btn_in_tb'
WARNING: [Vivado 12-13340] Unable to auto find GCC executables from simulator install path! (path not set)
INFO: [Vivado 12-5682] Launching behavioral simulation in 'C:/Users/petrv/Desktop/PC_04_template_2025/Stopwatch.sim/sim_1/behav/xsim'
INFO: [SIM-utils-51] Simulation object is 'sim_1'
INFO: [SIM-utils-72] Using boost library from 'D:/VIVADO/Vivado/2024.2/tps/boost_1_72_0'
INFO: [SIM-utils-54] Inspecting design source files for 'btn_in_tb' in fileset 'sim_1'...
INFO: [USF-XSim-97] Finding global include files...
INFO: [USF-XSim-98] Fetching design files from 'sim_1'...
INFO: [USF-XSim-2] XSim::Compile design
INFO: [USF-XSim-61] Executing 'COMPILE and ANALYZE' step in 'C:/Users/petrv/Desktop/PC_04_template_2025/Stopwatch.sim/sim_1/behav/xsim'
"xvhdl --incr --relax -prj btn_in_tb_vhdl.prj"
INFO: [VRFC 10-163] Analyzing VHDL file "C:/Users/petrv/Desktop/PC_04_template_2025/SOURCES/ce_gen.vhd" into library xil_defaultlib
INFO: [VRFC 10-3107] analyzing entity 'ce_gen'
INFO: [VRFC 10-163] Analyzing VHDL file "C:/Users/petrv/Desktop/PC_04_template_2025/SOURCES/btn_in.vhd" into library xil_defaultlib
INFO: [VRFC 10-3107] analyzing entity 'btn_in'
INFO: [VRFC 10-163] Analyzing VHDL file "C:/Users/petrv/Desktop/PC_04_template_2025/SOURCES/debouncer.vhd" into library xil_defaultlib
INFO: [VRFC 10-3107] analyzing entity 'debouncer'
INFO: [VRFC 10-163] Analyzing VHDL file "C:/Users/petrv/Desktop/PC_04_template_2025/SOURCES/edge_detector.vhd" into library xil_defaultlib
INFO: [VRFC 10-3107] analyzing entity 'edge_detector'
INFO: [VRFC 10-163] Analyzing VHDL file "C:/Users/petrv/Desktop/PC_04_template_2025/SOURCES/sync_reg.vhd" into library xil_defaultlib
INFO: [VRFC 10-3107] analyzing entity 'sync_reg'
INFO: [VRFC 10-163] Analyzing VHDL file "C:/Users/petrv/Desktop/PC_04_template_2025/SOURCES/SIM/btn_in_tb.vhd" into library xil_defaultlib
INFO: [VRFC 10-3107] analyzing entity 'btn_in_tb'
INFO: [USF-XSim-69] 'compile' step finished in '4' seconds
INFO: [USF-XSim-3] XSim::Elaborate design
INFO: [USF-XSim-61] Executing 'ELABORATE' step in 'C:/Users/petrv/Desktop/PC_04_template_2025/Stopwatch.sim/sim_1/behav/xsim'
"xelab --incr --debug typical --relax --mt 2 -L xil_defaultlib -L secureip --snapshot btn_in_tb_behav xil_defaultlib.btn_in_tb -log elaborate.log"
Vivado Simulator v2024.2.0
Copyright 1986-2022 Xilinx, Inc. All Rights Reserved.
Copyright 2022-2024 Advanced Micro Devices, Inc. All Rights Reserved.
Running: D:/VIVADO/Vivado/2024.2/bin/unwrapped/win64.o/xelab.exe --incr --debug typical --relax --mt 2 -L xil_defaultlib -L secureip --snapshot btn_in_tb_behav xil_defaultlib.btn_in_tb -log elaborate.log 
Using 2 slave threads.
Starting static elaboration
WARNING: [VRFC 10-8856] comparison between unequal length arrays always returns FALSE; left argument length 6 is different from right argument length 7 for 'std_logic_vector_93' array [C:/Users/petrv/Desktop/PC_04_template_2025/SOURCES/debouncer.vhd:31]
WARNING: [VRFC 10-8856] comparison between unequal length arrays always returns FALSE; left argument length 6 is different from right argument length 7 for 'std_logic_vector_93' array [C:/Users/petrv/Desktop/PC_04_template_2025/SOURCES/debouncer.vhd:33]
Completed static elaboration
Starting simulation data flow analysis
Completed simulation data flow analysis
Time Resolution for simulation is 1ps
Compiling package std.standard
Compiling package std.textio
Compiling package ieee.std_logic_1164
Compiling package ieee.numeric_std
Compiling package ieee.math_real
Compiling architecture behavioral of entity xil_defaultlib.ce_gen [\ce_gen(g_div_fact=5)\]
Compiling architecture behavioral of entity xil_defaultlib.sync_reg [sync_reg_default]
Compiling architecture behavioral of entity xil_defaultlib.debouncer [\debouncer(g_deb_period=6)\]
ERROR: [VRFC 10-666] expression has 7 elements; expected 6 [C:/Users/petrv/Desktop/PC_04_template_2025/SOURCES/debouncer.vhd:31]
ERROR: [VRFC 10-666] expression has 7 elements; expected 6 [C:/Users/petrv/Desktop/PC_04_template_2025/SOURCES/debouncer.vhd:33]
Compiling architecture behavioral of entity xil_defaultlib.edge_detector [edge_detector_default]
Compiling architecture structural of entity xil_defaultlib.btn_in [\btn_in(g_deb_period=6)\]
Compiling architecture behavioral of entity xil_defaultlib.btn_in_tb
Built simulation snapshot btn_in_tb_behav
run_program: Time (s): cpu = 00:00:00 ; elapsed = 00:00:12 . Memory (MB): peak = 1240.930 ; gain = 0.000
INFO: [USF-XSim-69] 'elaborate' step finished in '11' seconds
INFO: [USF-XSim-99] Step results log file:'C:/Users/petrv/Desktop/PC_04_template_2025/Stopwatch.sim/sim_1/behav/xsim/elaborate.log'
ERROR: [USF-XSim-62] 'elaborate' step failed with error(s). Please check the Tcl console output or 'C:/Users/petrv/Desktop/PC_04_template_2025/Stopwatch.sim/sim_1/behav/xsim/elaborate.log' file for more information.
ERROR: [Vivado 12-4473] Detected error while running simulation. Please correct the issue and retry this operation.
launch_simulation: Time (s): cpu = 00:00:01 ; elapsed = 00:00:16 . Memory (MB): peak = 1240.930 ; gain = 0.000
ERROR: [Common 17-39] 'launch_simulation' failed due to earlier errors.
WARNING: [filemgmt 56-199] Attempt to get parsing info during refresh. "On-the-fly" syntax checking information may be incorrect. [C:\Users\petrv\Desktop\PC_04_template_2025\SOURCES\debouncer.vhd:]
WARNING: [filemgmt 56-199] Attempt to get parsing info during refresh. "On-the-fly" syntax checking information may be incorrect. [C:\Users\petrv\Desktop\PC_04_template_2025\SOURCES\rp_top.vhd:]
WARNING: [filemgmt 56-199] Attempt to get parsing info during refresh. "On-the-fly" syntax checking information may be incorrect. [C:\Users\petrv\Desktop\PC_04_template_2025\SOURCES\debouncer.vhd:]
WARNING: [filemgmt 56-199] Attempt to get parsing info during refresh. "On-the-fly" syntax checking information may be incorrect. [C:\Users\petrv\Desktop\PC_04_template_2025\SOURCES\debouncer.vhd:]
ERROR: [Common 17-180] Spawn failed: No error
launch_simulation
Command: launch_simulation 
INFO: [Vivado 12-12493] Simulation top is 'btn_in_tb'
WARNING: [Vivado 12-13340] Unable to auto find GCC executables from simulator install path! (path not set)
INFO: [Vivado 12-5682] Launching behavioral simulation in 'C:/Users/petrv/Desktop/PC_04_template_2025/Stopwatch.sim/sim_1/behav/xsim'
INFO: [SIM-utils-51] Simulation object is 'sim_1'
INFO: [SIM-utils-72] Using boost library from 'D:/VIVADO/Vivado/2024.2/tps/boost_1_72_0'
INFO: [SIM-utils-54] Inspecting design source files for 'btn_in_tb' in fileset 'sim_1'...
INFO: [USF-XSim-97] Finding global include files...
INFO: [USF-XSim-98] Fetching design files from 'sim_1'...
INFO: [USF-XSim-2] XSim::Compile design
INFO: [USF-XSim-61] Executing 'COMPILE and ANALYZE' step in 'C:/Users/petrv/Desktop/PC_04_template_2025/Stopwatch.sim/sim_1/behav/xsim'
"xvhdl --incr --relax -prj btn_in_tb_vhdl.prj"
INFO: [VRFC 10-163] Analyzing VHDL file "C:/Users/petrv/Desktop/PC_04_template_2025/SOURCES/debouncer.vhd" into library xil_defaultlib
INFO: [VRFC 10-3107] analyzing entity 'debouncer'
ERROR: [VRFC 10-8755] argument of operator "=" cannot be an 'others' aggregate [C:/Users/petrv/Desktop/PC_04_template_2025/SOURCES/debouncer.vhd:33]
ERROR: [VRFC 10-8755] argument of operator "=" cannot be an 'others' aggregate [C:/Users/petrv/Desktop/PC_04_template_2025/SOURCES/debouncer.vhd:31]
ERROR: [VRFC 10-9458] unit 'behavioral' is ignored due to previous errors [C:/Users/petrv/Desktop/PC_04_template_2025/SOURCES/debouncer.vhd:18]
INFO: [VRFC 10-8704] VHDL file 'C:/Users/petrv/Desktop/PC_04_template_2025/SOURCES/debouncer.vhd' is ignored due to errors
INFO: [USF-XSim-69] 'compile' step finished in '2' seconds
INFO: [USF-XSim-99] Step results log file:'C:/Users/petrv/Desktop/PC_04_template_2025/Stopwatch.sim/sim_1/behav/xsim/xvhdl.log'
ERROR: [USF-XSim-62] 'compile' step failed with error(s). Please check the Tcl console output or 'C:/Users/petrv/Desktop/PC_04_template_2025/Stopwatch.sim/sim_1/behav/xsim/xvhdl.log' file for more information.
ERROR: [Vivado 12-4473] Detected error while running simulation. Please correct the issue and retry this operation.
ERROR: [Common 17-39] 'launch_simulation' failed due to earlier errors.
WARNING: [filemgmt 56-199] Attempt to get parsing info during refresh. "On-the-fly" syntax checking information may be incorrect. [C:\Users\petrv\Desktop\PC_04_template_2025\SOURCES\debouncer.vhd:]
WARNING: [filemgmt 56-199] Attempt to get parsing info during refresh. "On-the-fly" syntax checking information may be incorrect. [C:\Users\petrv\Desktop\PC_04_template_2025\SOURCES\rp_top.vhd:]
WARNING: [filemgmt 56-199] Attempt to get parsing info during refresh. "On-the-fly" syntax checking information may be incorrect. [C:\Users\petrv\Desktop\PC_04_template_2025\SOURCES\debouncer.vhd:]
WARNING: [filemgmt 56-199] Attempt to get parsing info during refresh. "On-the-fly" syntax checking information may be incorrect. [C:\Users\petrv\Desktop\PC_04_template_2025\SOURCES\debouncer.vhd:]
ERROR: [Common 17-180] Spawn failed: No error
launch_simulation
Command: launch_simulation 
INFO: [Vivado 12-12493] Simulation top is 'btn_in_tb'
WARNING: [Vivado 12-13340] Unable to auto find GCC executables from simulator install path! (path not set)
INFO: [Vivado 12-5682] Launching behavioral simulation in 'C:/Users/petrv/Desktop/PC_04_template_2025/Stopwatch.sim/sim_1/behav/xsim'
INFO: [SIM-utils-51] Simulation object is 'sim_1'
INFO: [SIM-utils-72] Using boost library from 'D:/VIVADO/Vivado/2024.2/tps/boost_1_72_0'
INFO: [SIM-utils-54] Inspecting design source files for 'btn_in_tb' in fileset 'sim_1'...
INFO: [USF-XSim-97] Finding global include files...
INFO: [USF-XSim-98] Fetching design files from 'sim_1'...
INFO: [USF-XSim-2] XSim::Compile design
INFO: [USF-XSim-61] Executing 'COMPILE and ANALYZE' step in 'C:/Users/petrv/Desktop/PC_04_template_2025/Stopwatch.sim/sim_1/behav/xsim'
"xvhdl --incr --relax -prj btn_in_tb_vhdl.prj"
INFO: [VRFC 10-163] Analyzing VHDL file "C:/Users/petrv/Desktop/PC_04_template_2025/SOURCES/debouncer.vhd" into library xil_defaultlib
INFO: [VRFC 10-3107] analyzing entity 'debouncer'
INFO: [USF-XSim-69] 'compile' step finished in '3' seconds
INFO: [USF-XSim-3] XSim::Elaborate design
INFO: [USF-XSim-61] Executing 'ELABORATE' step in 'C:/Users/petrv/Desktop/PC_04_template_2025/Stopwatch.sim/sim_1/behav/xsim'
"xelab --incr --debug typical --relax --mt 2 -L xil_defaultlib -L secureip --snapshot btn_in_tb_behav xil_defaultlib.btn_in_tb -log elaborate.log"
Vivado Simulator v2024.2.0
Copyright 1986-2022 Xilinx, Inc. All Rights Reserved.
Copyright 2022-2024 Advanced Micro Devices, Inc. All Rights Reserved.
Running: D:/VIVADO/Vivado/2024.2/bin/unwrapped/win64.o/xelab.exe --incr --debug typical --relax --mt 2 -L xil_defaultlib -L secureip --snapshot btn_in_tb_behav xil_defaultlib.btn_in_tb -log elaborate.log 
Using 2 slave threads.
Starting static elaboration
Completed static elaboration
Starting simulation data flow analysis
Completed simulation data flow analysis
Time Resolution for simulation is 1ps
Compiling package std.standard
Compiling package std.textio
Compiling package ieee.std_logic_1164
Compiling package ieee.numeric_std
Compiling package ieee.math_real
Compiling architecture behavioral of entity xil_defaultlib.ce_gen [\ce_gen(g_div_fact=5)\]
Compiling architecture behavioral of entity xil_defaultlib.sync_reg [sync_reg_default]
Compiling architecture behavioral of entity xil_defaultlib.debouncer [\debouncer(g_deb_period=6)\]
Compiling architecture behavioral of entity xil_defaultlib.edge_detector [edge_detector_default]
Compiling architecture structural of entity xil_defaultlib.btn_in [\btn_in(g_deb_period=6)\]
Compiling architecture behavioral of entity xil_defaultlib.btn_in_tb
Built simulation snapshot btn_in_tb_behav
INFO: [USF-XSim-69] 'elaborate' step finished in '2' seconds
INFO: [USF-XSim-4] XSim::Simulate design
INFO: [USF-XSim-61] Executing 'SIMULATE' step in 'C:/Users/petrv/Desktop/PC_04_template_2025/Stopwatch.sim/sim_1/behav/xsim'
INFO: [USF-XSim-98] *** Running xsim
   with args "btn_in_tb_behav -key {Behavioral:sim_1:Functional:btn_in_tb} -tclbatch {btn_in_tb.tcl} -log {simulate.log}"
INFO: [USF-XSim-8] Loading simulator feature
Time resolution is 1 ps
source btn_in_tb.tcl
# set curr_wave [current_wave_config]
# if { [string length $curr_wave] == 0 } {
#   if { [llength [get_objects]] > 0} {
#     add_wave /
#     set_property needs_save false [current_wave_config]
#   } else {
#      send_msg_id Add_Wave-1 WARNING "No top level signals found. Simulator will start without a wave window. If you want to open a wave window go to 'File->New Waveform Configuration' or type 'create_wave_config' in the TCL console."
#   }
# }
# run all
INFO: [USF-XSim-96] XSim completed. Design snapshot 'btn_in_tb_behav' loaded.
INFO: [USF-XSim-97] XSim simulation ran for -all
launch_simulation: Time (s): cpu = 00:00:00 ; elapsed = 00:00:08 . Memory (MB): peak = 1264.219 ; gain = 23.289
close_sim
INFO: [Simtcl 6-16] Simulation closed
exit
INFO: [Common 17-206] Exiting Vivado at Tue Mar 11 16:53:59 2025...
