#-----------------------------------------------------------
# Vivado v2024.2 (64-bit)
# SW Build 5239630 on Fri Nov 08 22:35:27 MST 2024
# IP Build 5239520 on Sun Nov 10 16:12:51 MST 2024
# SharedData Build 5239561 on Fri Nov 08 14:39:27 MST 2024
# Start of session at: Tue Mar 11 09:02:50 2025
# Process ID         : 5424
# Current directory  : C:/Users/petrv/OneDrive/Desktop/PC_04_template_2025
# Command line       : vivado.exe -gui_launcher_event rodinguilauncherevent4688 C:\Users\petrv\OneDrive\Desktop\PC_04_template_2025\Stopwatch.xpr
# Log file           : C:/Users/petrv/OneDrive/Desktop/PC_04_template_2025/vivado.log
# Journal file       : C:/Users/petrv/OneDrive/Desktop/PC_04_template_2025\vivado.jou
# Running On         : LAPTOP-9IM6L6CH
# Platform           : Windows Server 2016 or Windows 10
# Operating System   : 22631
# Processor Detail   : Intel(R) Core(TM) i7-10750H CPU @ 2.60GHz
# CPU Frequency      : 2592 MHz
# CPU Physical cores : 6
# CPU Logical cores  : 12
# Host memory        : 16954 MB
# Swap memory        : 9126 MB
# Total Virtual      : 26081 MB
# Available Virtual  : 11609 MB
#-----------------------------------------------------------
start_gui
open_project C:/Users/petrv/OneDrive/Desktop/PC_04_template_2025/Stopwatch.xpr
INFO: [Project 1-313] Project file moved from 'C:/Users/petrv/Desktop/PC_04_template_2025' since last save.
INFO: [filemgmt 56-3] Default IP Output Path : Could not find the directory 'C:/Users/petrv/OneDrive/Desktop/PC_04_template_2025/Stopwatch.gen/sources_1'.
CRITICAL WARNING: [Project 1-311] Could not find the file 'C:/Users/petrv/OneDrive/Desktop/PC_04_template_2025/SOURCES/SIM/stopwatch_tb.vhd', nor could it be found using path 'C:/Users/petrv/Desktop/PC_04_template_2025/SOURCES/SIM/stopwatch_tb.vhd'.
Scanning sources...
Finished scanning sources
INFO: [IP_Flow 19-234] Refreshing IP repositories
INFO: [IP_Flow 19-1704] No user IP repositories specified
INFO: [IP_Flow 19-2313] Loaded Vivado IP repository 'D:/VIVADO/Vivado/2024.2/data/ip'.
open_project: Time (s): cpu = 00:00:03 ; elapsed = 00:00:06 . Memory (MB): peak = 1215.359 ; gain = 122.230
update_compile_order -fileset sources_1
WARNING: [filemgmt 56-199] Attempt to get parsing info during refresh. "On-the-fly" syntax checking information may be incorrect. [C:\Users\petrv\OneDrive\Desktop\PC_04_template_2025\SOURCES\stopwatch_fsm.vhd:]
WARNING: [filemgmt 56-199] Attempt to get parsing info during refresh. "On-the-fly" syntax checking information may be incorrect. [C:\Users\petrv\OneDrive\Desktop\PC_04_template_2025\SOURCES\btn_in.vhd:]
WARNING: [filemgmt 56-199] Attempt to get parsing info during refresh. "On-the-fly" syntax checking information may be incorrect. [C:\Users\petrv\OneDrive\Desktop\PC_04_template_2025\SOURCES\btn_in.vhd:]
WARNING: [filemgmt 56-199] Attempt to get parsing info during refresh. "On-the-fly" syntax checking information may be incorrect. [C:\Users\petrv\OneDrive\Desktop\PC_04_template_2025\SOURCES\btn_in.vhd:]
ERROR: [Common 17-180] Spawn failed: No error
WARNING: [filemgmt 56-199] Attempt to get parsing info during refresh. "On-the-fly" syntax checking information may be incorrect. [C:\Users\petrv\OneDrive\Desktop\PC_04_template_2025\SOURCES\stopwatch_fsm.vhd:]
WARNING: [filemgmt 56-199] Attempt to get parsing info during refresh. "On-the-fly" syntax checking information may be incorrect. [C:\Users\petrv\OneDrive\Desktop\PC_04_template_2025\SOURCES\btn_in.vhd:]
WARNING: [filemgmt 56-199] Attempt to get parsing info during refresh. "On-the-fly" syntax checking information may be incorrect. [C:\Users\petrv\OneDrive\Desktop\PC_04_template_2025\SOURCES\btn_in.vhd:]
WARNING: [filemgmt 56-199] Attempt to get parsing info during refresh. "On-the-fly" syntax checking information may be incorrect. [C:\Users\petrv\OneDrive\Desktop\PC_04_template_2025\SOURCES\btn_in.vhd:]
ERROR: [Common 17-180] Spawn failed: No error
WARNING: [filemgmt 56-199] Attempt to get parsing info during refresh. "On-the-fly" syntax checking information may be incorrect. [C:\Users\petrv\OneDrive\Desktop\PC_04_template_2025\SOURCES\rp_top.vhd:]
WARNING: [filemgmt 56-199] Attempt to get parsing info during refresh. "On-the-fly" syntax checking information may be incorrect. [C:\Users\petrv\OneDrive\Desktop\PC_04_template_2025\SOURCES\stopwatch_fsm.vhd:]
WARNING: [filemgmt 56-199] Attempt to get parsing info during refresh. "On-the-fly" syntax checking information may be incorrect. [C:\Users\petrv\OneDrive\Desktop\PC_04_template_2025\SOURCES\btn_in.vhd:]
WARNING: [filemgmt 56-199] Attempt to get parsing info during refresh. "On-the-fly" syntax checking information may be incorrect. [C:\Users\petrv\OneDrive\Desktop\PC_04_template_2025\SOURCES\btn_in.vhd:]
WARNING: [filemgmt 56-199] Attempt to get parsing info during refresh. "On-the-fly" syntax checking information may be incorrect. [C:\Users\petrv\OneDrive\Desktop\PC_04_template_2025\SOURCES\btn_in.vhd:]
WARNING: [filemgmt 56-199] Attempt to get parsing info during refresh. "On-the-fly" syntax checking information may be incorrect. [C:\Users\petrv\OneDrive\Desktop\PC_04_template_2025\SOURCES\rp_top.vhd:]
WARNING: [filemgmt 56-199] Attempt to get parsing info during refresh. "On-the-fly" syntax checking information may be incorrect. [C:\Users\petrv\OneDrive\Desktop\PC_04_template_2025\SOURCES\stopwatch_fsm.vhd:]
WARNING: [filemgmt 56-199] Attempt to get parsing info during refresh. "On-the-fly" syntax checking information may be incorrect. [C:\Users\petrv\OneDrive\Desktop\PC_04_template_2025\SOURCES\btn_in.vhd:]
WARNING: [filemgmt 56-199] Attempt to get parsing info during refresh. "On-the-fly" syntax checking information may be incorrect. [C:\Users\petrv\OneDrive\Desktop\PC_04_template_2025\SOURCES\rp_top.vhd:]
WARNING: [filemgmt 56-199] Attempt to get parsing info during refresh. "On-the-fly" syntax checking information may be incorrect. [C:\Users\petrv\OneDrive\Desktop\PC_04_template_2025\SOURCES\rp_top.vhd:]
update_compile_order -fileset sources_1
WARNING: [filemgmt 56-199] Attempt to get parsing info during refresh. "On-the-fly" syntax checking information may be incorrect. [C:\Users\petrv\OneDrive\Desktop\PC_04_template_2025\SOURCES\rp_top.vhd:]
WARNING: [filemgmt 56-199] Attempt to get parsing info during refresh. "On-the-fly" syntax checking information may be incorrect. [C:\Users\petrv\OneDrive\Desktop\PC_04_template_2025\SOURCES\stopwatch_fsm.vhd:]
WARNING: [filemgmt 56-199] Attempt to get parsing info during refresh. "On-the-fly" syntax checking information may be incorrect. [C:\Users\petrv\OneDrive\Desktop\PC_04_template_2025\SOURCES\btn_in.vhd:]
WARNING: [filemgmt 56-199] Attempt to get parsing info during refresh. "On-the-fly" syntax checking information may be incorrect. [C:\Users\petrv\OneDrive\Desktop\PC_04_template_2025\SOURCES\btn_in.vhd:]
WARNING: [filemgmt 56-199] Attempt to get parsing info during refresh. "On-the-fly" syntax checking information may be incorrect. [C:\Users\petrv\OneDrive\Desktop\PC_04_template_2025\SOURCES\btn_in.vhd:]
WARNING: [filemgmt 56-199] Attempt to get parsing info during refresh. "On-the-fly" syntax checking information may be incorrect. [C:\Users\petrv\OneDrive\Desktop\PC_04_template_2025\SOURCES\rp_top.vhd:]
WARNING: [filemgmt 56-199] Attempt to get parsing info during refresh. "On-the-fly" syntax checking information may be incorrect. [C:\Users\petrv\OneDrive\Desktop\PC_04_template_2025\SOURCES\stopwatch_fsm.vhd:]
WARNING: [filemgmt 56-199] Attempt to get parsing info during refresh. "On-the-fly" syntax checking information may be incorrect. [C:\Users\petrv\OneDrive\Desktop\PC_04_template_2025\SOURCES\btn_in.vhd:]
WARNING: [filemgmt 56-199] Attempt to get parsing info during refresh. "On-the-fly" syntax checking information may be incorrect. [C:\Users\petrv\OneDrive\Desktop\PC_04_template_2025\SOURCES\rp_top.vhd:]
WARNING: [filemgmt 56-199] Attempt to get parsing info during refresh. "On-the-fly" syntax checking information may be incorrect. [C:\Users\petrv\OneDrive\Desktop\PC_04_template_2025\SOURCES\rp_top.vhd:]
WARNING: [filemgmt 56-199] Attempt to get parsing info during refresh. "On-the-fly" syntax checking information may be incorrect. [C:\Users\petrv\OneDrive\Desktop\PC_04_template_2025\SOURCES\rp_top.vhd:]
WARNING: [filemgmt 56-199] Attempt to get parsing info during refresh. "On-the-fly" syntax checking information may be incorrect. [C:\Users\petrv\OneDrive\Desktop\PC_04_template_2025\SOURCES\stopwatch_fsm.vhd:]
WARNING: [filemgmt 56-199] Attempt to get parsing info during refresh. "On-the-fly" syntax checking information may be incorrect. [C:\Users\petrv\OneDrive\Desktop\PC_04_template_2025\SOURCES\btn_in.vhd:]
WARNING: [filemgmt 56-199] Attempt to get parsing info during refresh. "On-the-fly" syntax checking information may be incorrect. [C:\Users\petrv\OneDrive\Desktop\PC_04_template_2025\SOURCES\btn_in.vhd:]
WARNING: [filemgmt 56-199] Attempt to get parsing info during refresh. "On-the-fly" syntax checking information may be incorrect. [C:\Users\petrv\OneDrive\Desktop\PC_04_template_2025\SOURCES\btn_in.vhd:]
WARNING: [filemgmt 56-199] Attempt to get parsing info during refresh. "On-the-fly" syntax checking information may be incorrect. [C:\Users\petrv\OneDrive\Desktop\PC_04_template_2025\SOURCES\rp_top.vhd:]
WARNING: [filemgmt 56-199] Attempt to get parsing info during refresh. "On-the-fly" syntax checking information may be incorrect. [C:\Users\petrv\OneDrive\Desktop\PC_04_template_2025\SOURCES\stopwatch_fsm.vhd:]
WARNING: [filemgmt 56-199] Attempt to get parsing info during refresh. "On-the-fly" syntax checking information may be incorrect. [C:\Users\petrv\OneDrive\Desktop\PC_04_template_2025\SOURCES\btn_in.vhd:]
WARNING: [filemgmt 56-199] Attempt to get parsing info during refresh. "On-the-fly" syntax checking information may be incorrect. [C:\Users\petrv\OneDrive\Desktop\PC_04_template_2025\SOURCES\stopwatch_fsm.vhd:]
WARNING: [filemgmt 56-199] Attempt to get parsing info during refresh. "On-the-fly" syntax checking information may be incorrect. [C:\Users\petrv\OneDrive\Desktop\PC_04_template_2025\SOURCES\stopwatch_fsm.vhd:]
update_compile_order -fileset sources_1
WARNING: [filemgmt 56-199] Attempt to get parsing info during refresh. "On-the-fly" syntax checking information may be incorrect. [C:\Users\petrv\OneDrive\Desktop\PC_04_template_2025\SOURCES\rp_top.vhd:]
WARNING: [filemgmt 56-199] Attempt to get parsing info during refresh. "On-the-fly" syntax checking information may be incorrect. [C:\Users\petrv\OneDrive\Desktop\PC_04_template_2025\SOURCES\stopwatch_fsm.vhd:]
WARNING: [filemgmt 56-199] Attempt to get parsing info during refresh. "On-the-fly" syntax checking information may be incorrect. [C:\Users\petrv\OneDrive\Desktop\PC_04_template_2025\SOURCES\btn_in.vhd:]
WARNING: [filemgmt 56-199] Attempt to get parsing info during refresh. "On-the-fly" syntax checking information may be incorrect. [C:\Users\petrv\OneDrive\Desktop\PC_04_template_2025\SOURCES\btn_in.vhd:]
WARNING: [filemgmt 56-199] Attempt to get parsing info during refresh. "On-the-fly" syntax checking information may be incorrect. [C:\Users\petrv\OneDrive\Desktop\PC_04_template_2025\SOURCES\btn_in.vhd:]
WARNING: [filemgmt 56-199] Attempt to get parsing info during refresh. "On-the-fly" syntax checking information may be incorrect. [C:\Users\petrv\OneDrive\Desktop\PC_04_template_2025\SOURCES\rp_top.vhd:]
WARNING: [filemgmt 56-199] Attempt to get parsing info during refresh. "On-the-fly" syntax checking information may be incorrect. [C:\Users\petrv\OneDrive\Desktop\PC_04_template_2025\SOURCES\stopwatch_fsm.vhd:]
WARNING: [filemgmt 56-199] Attempt to get parsing info during refresh. "On-the-fly" syntax checking information may be incorrect. [C:\Users\petrv\OneDrive\Desktop\PC_04_template_2025\SOURCES\btn_in.vhd:]
WARNING: [filemgmt 56-199] Attempt to get parsing info during refresh. "On-the-fly" syntax checking information may be incorrect. [C:\Users\petrv\OneDrive\Desktop\PC_04_template_2025\SOURCES\rp_top.vhd:]
WARNING: [filemgmt 56-199] Attempt to get parsing info during refresh. "On-the-fly" syntax checking information may be incorrect. [C:\Users\petrv\OneDrive\Desktop\PC_04_template_2025\SOURCES\rp_top.vhd:]
WARNING: [filemgmt 56-199] Attempt to get parsing info during refresh. "On-the-fly" syntax checking information may be incorrect. [C:\Users\petrv\OneDrive\Desktop\PC_04_template_2025\SOURCES\rp_top.vhd:]
WARNING: [filemgmt 56-199] Attempt to get parsing info during refresh. "On-the-fly" syntax checking information may be incorrect. [C:\Users\petrv\OneDrive\Desktop\PC_04_template_2025\SOURCES\stopwatch_fsm.vhd:]
WARNING: [filemgmt 56-199] Attempt to get parsing info during refresh. "On-the-fly" syntax checking information may be incorrect. [C:\Users\petrv\OneDrive\Desktop\PC_04_template_2025\SOURCES\btn_in.vhd:]
WARNING: [filemgmt 56-199] Attempt to get parsing info during refresh. "On-the-fly" syntax checking information may be incorrect. [C:\Users\petrv\OneDrive\Desktop\PC_04_template_2025\SOURCES\btn_in.vhd:]
WARNING: [filemgmt 56-199] Attempt to get parsing info during refresh. "On-the-fly" syntax checking information may be incorrect. [C:\Users\petrv\OneDrive\Desktop\PC_04_template_2025\SOURCES\btn_in.vhd:]
WARNING: [filemgmt 56-199] Attempt to get parsing info during refresh. "On-the-fly" syntax checking information may be incorrect. [C:\Users\petrv\OneDrive\Desktop\PC_04_template_2025\SOURCES\rp_top.vhd:]
WARNING: [filemgmt 56-199] Attempt to get parsing info during refresh. "On-the-fly" syntax checking information may be incorrect. [C:\Users\petrv\OneDrive\Desktop\PC_04_template_2025\SOURCES\stopwatch_fsm.vhd:]
WARNING: [filemgmt 56-199] Attempt to get parsing info during refresh. "On-the-fly" syntax checking information may be incorrect. [C:\Users\petrv\OneDrive\Desktop\PC_04_template_2025\SOURCES\btn_in.vhd:]
WARNING: [filemgmt 56-199] Attempt to get parsing info during refresh. "On-the-fly" syntax checking information may be incorrect. [C:\Users\petrv\OneDrive\Desktop\PC_04_template_2025\SOURCES\stopwatch_fsm.vhd:]
WARNING: [filemgmt 56-199] Attempt to get parsing info during refresh. "On-the-fly" syntax checking information may be incorrect. [C:\Users\petrv\OneDrive\Desktop\PC_04_template_2025\SOURCES\stopwatch_fsm.vhd:]
ERROR: [Common 17-180] Spawn failed: No error
update_compile_order -fileset sources_1
WARNING: [filemgmt 56-199] Attempt to get parsing info during refresh. "On-the-fly" syntax checking information may be incorrect. [C:\Users\petrv\OneDrive\Desktop\PC_04_template_2025\SOURCES\rp_top.vhd:]
WARNING: [filemgmt 56-199] Attempt to get parsing info during refresh. "On-the-fly" syntax checking information may be incorrect. [C:\Users\petrv\OneDrive\Desktop\PC_04_template_2025\SOURCES\stopwatch_fsm.vhd:]
WARNING: [filemgmt 56-199] Attempt to get parsing info during refresh. "On-the-fly" syntax checking information may be incorrect. [C:\Users\petrv\OneDrive\Desktop\PC_04_template_2025\SOURCES\btn_in.vhd:]
WARNING: [filemgmt 56-199] Attempt to get parsing info during refresh. "On-the-fly" syntax checking information may be incorrect. [C:\Users\petrv\OneDrive\Desktop\PC_04_template_2025\SOURCES\btn_in.vhd:]
WARNING: [filemgmt 56-199] Attempt to get parsing info during refresh. "On-the-fly" syntax checking information may be incorrect. [C:\Users\petrv\OneDrive\Desktop\PC_04_template_2025\SOURCES\btn_in.vhd:]
WARNING: [filemgmt 56-199] Attempt to get parsing info during refresh. "On-the-fly" syntax checking information may be incorrect. [C:\Users\petrv\OneDrive\Desktop\PC_04_template_2025\SOURCES\rp_top.vhd:]
WARNING: [filemgmt 56-199] Attempt to get parsing info during refresh. "On-the-fly" syntax checking information may be incorrect. [C:\Users\petrv\OneDrive\Desktop\PC_04_template_2025\SOURCES\stopwatch_fsm.vhd:]
WARNING: [filemgmt 56-199] Attempt to get parsing info during refresh. "On-the-fly" syntax checking information may be incorrect. [C:\Users\petrv\OneDrive\Desktop\PC_04_template_2025\SOURCES\btn_in.vhd:]
WARNING: [filemgmt 56-199] Attempt to get parsing info during refresh. "On-the-fly" syntax checking information may be incorrect. [C:\Users\petrv\OneDrive\Desktop\PC_04_template_2025\SOURCES\rp_top.vhd:]
WARNING: [filemgmt 56-199] Attempt to get parsing info during refresh. "On-the-fly" syntax checking information may be incorrect. [C:\Users\petrv\OneDrive\Desktop\PC_04_template_2025\SOURCES\rp_top.vhd:]
WARNING: [filemgmt 56-199] Attempt to get parsing info during refresh. "On-the-fly" syntax checking information may be incorrect. [C:\Users\petrv\OneDrive\Desktop\PC_04_template_2025\SOURCES\rp_top.vhd:]
WARNING: [filemgmt 56-199] Attempt to get parsing info during refresh. "On-the-fly" syntax checking information may be incorrect. [C:\Users\petrv\OneDrive\Desktop\PC_04_template_2025\SOURCES\stopwatch_fsm.vhd:]
WARNING: [filemgmt 56-199] Attempt to get parsing info during refresh. "On-the-fly" syntax checking information may be incorrect. [C:\Users\petrv\OneDrive\Desktop\PC_04_template_2025\SOURCES\btn_in.vhd:]
WARNING: [filemgmt 56-199] Attempt to get parsing info during refresh. "On-the-fly" syntax checking information may be incorrect. [C:\Users\petrv\OneDrive\Desktop\PC_04_template_2025\SOURCES\btn_in.vhd:]
WARNING: [filemgmt 56-199] Attempt to get parsing info during refresh. "On-the-fly" syntax checking information may be incorrect. [C:\Users\petrv\OneDrive\Desktop\PC_04_template_2025\SOURCES\btn_in.vhd:]
WARNING: [filemgmt 56-199] Attempt to get parsing info during refresh. "On-the-fly" syntax checking information may be incorrect. [C:\Users\petrv\OneDrive\Desktop\PC_04_template_2025\SOURCES\rp_top.vhd:]
WARNING: [filemgmt 56-199] Attempt to get parsing info during refresh. "On-the-fly" syntax checking information may be incorrect. [C:\Users\petrv\OneDrive\Desktop\PC_04_template_2025\SOURCES\stopwatch_fsm.vhd:]
WARNING: [filemgmt 56-199] Attempt to get parsing info during refresh. "On-the-fly" syntax checking information may be incorrect. [C:\Users\petrv\OneDrive\Desktop\PC_04_template_2025\SOURCES\rp_top.vhd:]
WARNING: [filemgmt 56-199] Attempt to get parsing info during refresh. "On-the-fly" syntax checking information may be incorrect. [C:\Users\petrv\OneDrive\Desktop\PC_04_template_2025\SOURCES\stopwatch_fsm.vhd:]
WARNING: [filemgmt 56-199] Attempt to get parsing info during refresh. "On-the-fly" syntax checking information may be incorrect. [C:\Users\petrv\OneDrive\Desktop\PC_04_template_2025\SOURCES\btn_in.vhd:]
WARNING: [filemgmt 56-199] Attempt to get parsing info during refresh. "On-the-fly" syntax checking information may be incorrect. [C:\Users\petrv\OneDrive\Desktop\PC_04_template_2025\SOURCES\btn_in.vhd:]
WARNING: [filemgmt 56-199] Attempt to get parsing info during refresh. "On-the-fly" syntax checking information may be incorrect. [C:\Users\petrv\OneDrive\Desktop\PC_04_template_2025\SOURCES\btn_in.vhd:]
WARNING: [filemgmt 56-199] Attempt to get parsing info during refresh. "On-the-fly" syntax checking information may be incorrect. [C:\Users\petrv\OneDrive\Desktop\PC_04_template_2025\SOURCES\rp_top.vhd:]
WARNING: [filemgmt 56-199] Attempt to get parsing info during refresh. "On-the-fly" syntax checking information may be incorrect. [C:\Users\petrv\OneDrive\Desktop\PC_04_template_2025\SOURCES\stopwatch_fsm.vhd:]
WARNING: [filemgmt 56-199] Attempt to get parsing info during refresh. "On-the-fly" syntax checking information may be incorrect. [C:\Users\petrv\OneDrive\Desktop\PC_04_template_2025\SOURCES\btn_in.vhd:]
WARNING: [filemgmt 56-199] Attempt to get parsing info during refresh. "On-the-fly" syntax checking information may be incorrect. [C:\Users\petrv\OneDrive\Desktop\PC_04_template_2025\SOURCES\stopwatch_fsm.vhd:]
WARNING: [filemgmt 56-199] Attempt to get parsing info during refresh. "On-the-fly" syntax checking information may be incorrect. [C:\Users\petrv\OneDrive\Desktop\PC_04_template_2025\SOURCES\stopwatch_fsm.vhd:]
WARNING: [filemgmt 56-199] Attempt to get parsing info during refresh. "On-the-fly" syntax checking information may be incorrect. [C:\Users\petrv\OneDrive\Desktop\PC_04_template_2025\SOURCES\rp_top.vhd:]
WARNING: [filemgmt 56-199] Attempt to get parsing info during refresh. "On-the-fly" syntax checking information may be incorrect. [C:\Users\petrv\OneDrive\Desktop\PC_04_template_2025\SOURCES\stopwatch_fsm.vhd:]
WARNING: [filemgmt 56-199] Attempt to get parsing info during refresh. "On-the-fly" syntax checking information may be incorrect. [C:\Users\petrv\OneDrive\Desktop\PC_04_template_2025\SOURCES\btn_in.vhd:]
WARNING: [filemgmt 56-199] Attempt to get parsing info during refresh. "On-the-fly" syntax checking information may be incorrect. [C:\Users\petrv\OneDrive\Desktop\PC_04_template_2025\SOURCES\btn_in.vhd:]
WARNING: [filemgmt 56-199] Attempt to get parsing info during refresh. "On-the-fly" syntax checking information may be incorrect. [C:\Users\petrv\OneDrive\Desktop\PC_04_template_2025\SOURCES\btn_in.vhd:]
WARNING: [filemgmt 56-199] Attempt to get parsing info during refresh. "On-the-fly" syntax checking information may be incorrect. [C:\Users\petrv\OneDrive\Desktop\PC_04_template_2025\SOURCES\rp_top.vhd:]
WARNING: [filemgmt 56-199] Attempt to get parsing info during refresh. "On-the-fly" syntax checking information may be incorrect. [C:\Users\petrv\OneDrive\Desktop\PC_04_template_2025\SOURCES\stopwatch_fsm.vhd:]
WARNING: [filemgmt 56-199] Attempt to get parsing info during refresh. "On-the-fly" syntax checking information may be incorrect. [C:\Users\petrv\OneDrive\Desktop\PC_04_template_2025\SOURCES\btn_in.vhd:]
WARNING: [filemgmt 56-199] Attempt to get parsing info during refresh. "On-the-fly" syntax checking information may be incorrect. [C:\Users\petrv\OneDrive\Desktop\PC_04_template_2025\SOURCES\btn_in.vhd:]
WARNING: [filemgmt 56-199] Attempt to get parsing info during refresh. "On-the-fly" syntax checking information may be incorrect. [C:\Users\petrv\OneDrive\Desktop\PC_04_template_2025\SOURCES\btn_in.vhd:]
WARNING: [filemgmt 56-199] Attempt to get parsing info during refresh. "On-the-fly" syntax checking information may be incorrect. [C:\Users\petrv\OneDrive\Desktop\PC_04_template_2025\SOURCES\rp_top.vhd:]
WARNING: [filemgmt 56-199] Attempt to get parsing info during refresh. "On-the-fly" syntax checking information may be incorrect. [C:\Users\petrv\OneDrive\Desktop\PC_04_template_2025\SOURCES\stopwatch_fsm.vhd:]
WARNING: [filemgmt 56-199] Attempt to get parsing info during refresh. "On-the-fly" syntax checking information may be incorrect. [C:\Users\petrv\OneDrive\Desktop\PC_04_template_2025\SOURCES\btn_in.vhd:]
WARNING: [filemgmt 56-199] Attempt to get parsing info during refresh. "On-the-fly" syntax checking information may be incorrect. [C:\Users\petrv\OneDrive\Desktop\PC_04_template_2025\SOURCES\stopwatch_fsm.vhd:]
WARNING: [filemgmt 56-199] Attempt to get parsing info during refresh. "On-the-fly" syntax checking information may be incorrect. [C:\Users\petrv\OneDrive\Desktop\PC_04_template_2025\SOURCES\stopwatch_fsm.vhd:]
launch_simulation
ERROR: [Common 17-1293] The path 'C:/Users/petrv/OneDrive/Desktop/PC_04_template_2025/Stopwatch.cache/wt' already exists, is a directory, but is not writable.
exit
INFO: [Common 17-206] Exiting Vivado at Tue Mar 11 09:22:41 2025...
